2026-07-03 16:38:11 [INFO] Detector: 游戏状态检测器初始化完成
2026-07-03 16:38:11 [INFO] WindowManager: 窗口管理器初始化完成
2026-07-03 16:38:11 [INFO] BrowserController: 浏览器控制器初始化完成
2026-07-03 16:38:11 [INFO] InputController: 输入控制器初始化完成
2026-07-03 16:38:11 [INFO] MainController: ============================================================
2026-07-03 16:38:11 [INFO] MainController: 自动切换控制器初始化完成
2026-07-03 16:38:11 [INFO] MainController: ============================================================
2026-07-03 16:38:11 [INFO] MainController: 正在检查系统前提条件...
2026-07-03 16:38:13 [INFO] MainController: ✓ LOL进程已运行
2026-07-03 16:38:13 [INFO] MainController: ✓ 系统前提条件检查完成
2026-07-03 16:38:13 [INFO] MainController: 
============================================================
2026-07-03 16:38:13 [INFO] MainController: 开始检测循环
2026-07-03 16:38:13 [INFO] MainController: ============================================================
2026-07-03 16:38:13 [INFO] Detector: 正在学习基准亮度... (0/100)
2026-07-03 16:38:13 [INFO] Detector: 正在学习基准亮度... (0/100)
2026-07-03 16:38:13 [INFO] Detector: 正在学习基准亮度... (0/100)
2026-07-03 16:38:13 [INFO] Detector: 正在学习基准亮度... (0/100)
2026-07-03 16:38:13 [INFO] Detector: 正在学习基准亮度... (0/100)
2026-07-03 16:38:13 [INFO] Detector: 正在学习基准亮度... (0/100)
2026-07-03 16:38:13 [INFO] Detector: 正在学习基准亮度... (0/100)
2026-07-03 16:38:14 [INFO] Detector: 正在学习基准亮度... (0/100)
2026-07-03 16:38:14 [INFO] Detector: 正在学习基准亮度... (0/100)
2026-07-03 16:38:14 [INFO] Detector: 正在学习基准亮度... (0/100)
2026-07-03 16:38:14 [INFO] Detector: 正在学习基准亮度... (0/100)
2026-07-03 16:38:14 [INFO] Detector: 正在学习基准亮度... (0/100)
2026-07-03 16:38:14 [INFO] Detector: 正在学习基准亮度... (0/100)
2026-07-03 16:38:14 [INFO] Detector: 正在学习基准亮度... (0/100)
2026-07-03 16:38:14 [INFO] Detector: 正在学习基准亮度... (0/100)
2026-07-03 16:38:15 [INFO] Detector: 正在学习基准亮度... (0/100)
2026-07-03 16:38:15 [INFO] Detector: 正在学习基准亮度... (0/100)
2026-07-03 16:38:15 [INFO] Detector: 正在学习基准亮度... (0/100)
2026-07-03 16:38:15 [INFO] Detector: 正在学习基准亮度... (0/100)
2026-07-03 16:38:15 [INFO] Detector: 正在学习基准亮度... (0/100)
2026-07-03 16:38:15 [INFO] Detector: 正在学习基准亮度... (0/100)
2026-07-03 16:38:15 [INFO] Detector: 正在学习基准亮度... (0/100)
2026-07-03 16:38:15 [INFO] Detector: 正在学习基准亮度... (0/100)
2026-07-03 16:38:16 [INFO] Detector: 正在学习基准亮度... (0/100)
2026-07-03 16:38:16 [INFO] Detector: 正在学习基准亮度... (0/100)
2026-07-03 16:38:16 [INFO] Detector: 正在学习基准亮度... (0/100)
2026-07-03 16:38:16 [INFO] Detector: 正在学习基准亮度... (0/100)
2026-07-03 16:38:16 [INFO] Detector: 正在学习基准亮度... (0/100)
2026-07-03 16:38:16 [INFO] Detector: 正在学习基准亮度... (0/100)
2026-07-03 16:38:16 [INFO] Detector: 正在学习基准亮度... (0/100)
2026-07-03 16:38:16 [INFO] MainController: 运行时间: 3.8秒 | FPS: 8.0 | 状态: uncertain | 亮度: 30.2 | CPU: 0.0%
2026-07-03 16:38:16 [INFO] Detector: 正在学习基准亮度... (0/100)
2026-07-03 16:38:17 [INFO] Detector: 正在学习基准亮度... (0/100)
2026-07-03 16:38:17 [INFO] Detector: 正在学习基准亮度... (0/100)
2026-07-03 16:38:17 [INFO] Detector: 正在学习基准亮度... (0/100)
2026-07-03 16:38:17 [INFO] Detector: 正在学习基准亮度... (0/100)
2026-07-03 16:38:17 [INFO] Detector: 正在学习基准亮度... (0/100)
2026-07-03 16:38:17 [INFO] Detector: 正在学习基准亮度... (0/100)
2026-07-03 16:38:17 [INFO] Detector: 正在学习基准亮度... (0/100)
2026-07-03 16:38:17 [INFO] Detector: 正在学习基准亮度... (0/100)
2026-07-03 16:38:18 [INFO] Detector: 正在学习基准亮度... (0/100)
2026-07-03 16:38:18 [INFO] Detector: 正在学习基准亮度... (0/100)
2026-07-03 16:38:18 [INFO] Detector: 正在学习基准亮度... (0/100)
2026-07-03 16:38:18 [INFO] Detector: 正在学习基准亮度... (0/100)
2026-07-03 16:38:18 [INFO] Detector: 正在学习基准亮度... (0/100)
2026-07-03 16:38:18 [INFO] Detector: 正在学习基准亮度... (0/100)
2026-07-03 16:38:18 [INFO] Detector: 正在学习基准亮度... (0/100)
2026-07-03 16:38:18 [INFO] Detector: 正在学习基准亮度... (0/100)
2026-07-03 16:38:19 [INFO] Detector: 正在学习基准亮度... (0/100)
2026-07-03 16:38:19 [INFO] Detector: 正在学习基准亮度... (0/100)
2026-07-03 16:38:19 [INFO] Detector: 正在学习基准亮度... (0/100)
2026-07-03 16:38:19 [INFO] Detector: 正在学习基准亮度... (0/100)
2026-07-03 16:38:19 [INFO] Detector: 正在学习基准亮度... (0/100)
2026-07-03 16:38:19 [INFO] Detector: 正在学习基准亮度... (0/100)
2026-07-03 16:38:19 [INFO] Detector: 正在学习基准亮度... (0/100)
2026-07-03 16:38:19 [INFO] Detector: 正在学习基准亮度... (0/100)
2026-07-03 16:38:20 [INFO] Detector: 正在学习基准亮度... (0/100)
2026-07-03 16:38:20 [INFO] Detector: 正在学习基准亮度... (0/100)
2026-07-03 16:38:20 [INFO] Detector: 正在学习基准亮度... (0/100)
2026-07-03 16:38:20 [INFO] Detector: 正在学习基准亮度... (0/100)
2026-07-03 16:38:20 [INFO] Detector: 正在学习基准亮度... (0/100)
2026-07-03 16:38:20 [INFO] MainController: 运行时间: 7.5秒 | FPS: 8.0 | 状态: uncertain | 亮度: 29.7 | CPU: 0.0%
2026-07-03 16:38:20 [INFO] Detector: 正在学习基准亮度... (0/100)
2026-07-03 16:38:20 [INFO] Detector: 正在学习基准亮度... (0/100)
2026-07-03 16:38:20 [INFO] Detector: 正在学习基准亮度... (0/100)
2026-07-03 16:38:21 [INFO] Detector: 正在学习基准亮度... (0/100)
2026-07-03 16:38:21 [INFO] Detector: 正在学习基准亮度... (0/100)
2026-07-03 16:38:21 [INFO] Detector: 正在学习基准亮度... (0/100)
2026-07-03 16:38:21 [INFO] Detector: 正在学习基准亮度... (0/100)
2026-07-03 16:38:21 [INFO] Detector: 正在学习基准亮度... (0/100)
2026-07-03 16:38:21 [INFO] Detector: 正在学习基准亮度... (0/100)
2026-07-03 16:38:21 [INFO] Detector: 正在学习基准亮度... (0/100)
2026-07-03 16:38:21 [INFO] Detector: 正在学习基准亮度... (0/100)
2026-07-03 16:38:22 [INFO] Detector: 正在学习基准亮度... (0/100)
2026-07-03 16:38:22 [INFO] Detector: 正在学习基准亮度... (0/100)
2026-07-03 16:38:22 [INFO] Detector: 正在学习基准亮度... (0/100)
2026-07-03 16:38:22 [INFO] Detector: 正在学习基准亮度... (0/100)
2026-07-03 16:38:22 [INFO] Detector: 正在学习基准亮度... (0/100)
2026-07-03 16:38:22 [INFO] Detector: 正在学习基准亮度... (0/100)
2026-07-03 16:38:22 [INFO] Detector: 正在学习基准亮度... (0/100)
2026-07-03 16:38:22 [INFO] Detector: 正在学习基准亮度... (0/100)
2026-07-03 16:38:23 [INFO] Detector: 正在学习基准亮度... (0/100)
2026-07-03 16:38:23 [INFO] Detector: 正在学习基准亮度... (0/100)
2026-07-03 16:38:23 [INFO] Detector: 正在学习基准亮度... (0/100)
2026-07-03 16:38:23 [INFO] Detector: 正在学习基准亮度... (0/100)
2026-07-03 16:38:23 [INFO] Detector: 正在学习基准亮度... (0/100)
2026-07-03 16:38:23 [INFO] Detector: 正在学习基准亮度... (0/100)
2026-07-03 16:38:23 [INFO] Detector: 正在学习基准亮度... (0/100)
2026-07-03 16:38:23 [INFO] Detector: 正在学习基准亮度... (0/100)
2026-07-03 16:38:24 [INFO] Detector: 正在学习基准亮度... (0/100)
2026-07-03 16:38:24 [INFO] Detector: 正在学习基准亮度... (0/100)
2026-07-03 16:38:24 [INFO] Detector: 正在学习基准亮度... (0/100)
2026-07-03 16:38:24 [INFO] MainController: 运行时间: 11.3秒 | FPS: 8.0 | 状态: uncertain | 亮度: 25.0 | CPU: 0.0%
2026-07-03 16:38:24 [INFO] Detector: 正在学习基准亮度... (0/100)
2026-07-03 16:38:24 [INFO] Detector: 正在学习基准亮度... (0/100)
2026-07-03 16:38:24 [INFO] Detector: 正在学习基准亮度... (0/100)
2026-07-03 16:38:24 [INFO] Detector: 正在学习基准亮度... (0/100)
2026-07-03 16:38:24 [INFO] Detector: 正在学习基准亮度... (0/100)
2026-07-03 16:38:25 [INFO] Detector: 正在学习基准亮度... (0/100)
2026-07-03 16:38:25 [INFO] Detector: 正在学习基准亮度... (0/100)
2026-07-03 16:38:25 [INFO] Detector: 正在学习基准亮度... (0/100)
2026-07-03 16:38:25 [INFO] Detector: 正在学习基准亮度... (0/100)
2026-07-03 16:38:25 [INFO] Detector: 正在学习基准亮度... (0/100)
2026-07-03 16:38:25 [INFO] Detector: 正在学习基准亮度... (0/100)
2026-07-03 16:38:25 [INFO] Detector: 正在学习基准亮度... (0/100)
2026-07-03 16:38:25 [INFO] Detector: 正在学习基准亮度... (0/100)
2026-07-03 16:38:26 [INFO] Detector: 正在学习基准亮度... (0/100)
2026-07-03 16:38:26 [INFO] Detector: 正在学习基准亮度... (0/100)
2026-07-03 16:38:26 [INFO] Detector: 正在学习基准亮度... (0/100)
2026-07-03 16:38:26 [INFO] Detector: 正在学习基准亮度... (0/100)
2026-07-03 16:38:26 [INFO] Detector: 正在学习基准亮度... (0/100)
2026-07-03 16:38:26 [INFO] Detector: 正在学习基准亮度... (0/100)
2026-07-03 16:38:26 [INFO] Detector: 正在学习基准亮度... (0/100)
2026-07-03 16:38:26 [INFO] Detector: 正在学习基准亮度... (0/100)
2026-07-03 16:38:27 [INFO] Detector: 正在学习基准亮度... (0/100)
2026-07-03 16:38:27 [INFO] Detector: 正在学习基准亮度... (0/100)
2026-07-03 16:38:27 [INFO] Detector: 正在学习基准亮度... (0/100)
2026-07-03 16:38:27 [INFO] Detector: 正在学习基准亮度... (0/100)
2026-07-03 16:38:27 [INFO] Detector: 正在学习基准亮度... (0/100)
2026-07-03 16:38:27 [INFO] Detector: 正在学习基准亮度... (0/100)
2026-07-03 16:38:27 [INFO] Detector: 正在学习基准亮度... (0/100)
2026-07-03 16:38:27 [INFO] Detector: 正在学习基准亮度... (0/100)
2026-07-03 16:38:28 [INFO] Detector: 正在学习基准亮度... (0/100)
2026-07-03 16:38:28 [INFO] MainController: 运行时间: 15.1秒 | FPS: 8.0 | 状态: uncertain | 亮度: 24.1 | CPU: 0.0%
2026-07-03 16:38:28 [INFO] Detector: 正在学习基准亮度... (0/100)
2026-07-03 16:38:28 [INFO] Detector: 正在学习基准亮度... (0/100)
2026-07-03 16:38:28 [INFO] Detector: 正在学习基准亮度... (0/100)
2026-07-03 16:38:28 [INFO] Detector: 正在学习基准亮度... (0/100)
2026-07-03 16:38:28 [INFO] Detector: 正在学习基准亮度... (0/100)
2026-07-03 16:38:28 [INFO] Detector: 正在学习基准亮度... (0/100)
2026-07-03 16:38:28 [INFO] Detector: 正在学习基准亮度... (0/100)
2026-07-03 16:38:29 [INFO] Detector: 正在学习基准亮度... (0/100)
2026-07-03 16:38:29 [INFO] Detector: 正在学习基准亮度... (0/100)
2026-07-03 16:38:29 [INFO] Detector: 正在学习基准亮度... (0/100)
2026-07-03 16:38:29 [INFO] Detector: 正在学习基准亮度... (0/100)
2026-07-03 16:38:29 [INFO] Detector: 正在学习基准亮度... (0/100)
2026-07-03 16:38:29 [INFO] Detector: 正在学习基准亮度... (0/100)
2026-07-03 16:38:29 [INFO] Detector: 正在学习基准亮度... (0/100)
2026-07-03 16:38:29 [INFO] Detector: 正在学习基准亮度... (0/100)
2026-07-03 16:38:30 [INFO] Detector: 正在学习基准亮度... (0/100)
2026-07-03 16:38:30 [INFO] Detector: 正在学习基准亮度... (0/100)
2026-07-03 16:38:30 [INFO] Detector: 正在学习基准亮度... (0/100)
2026-07-03 16:38:30 [INFO] Detector: 正在学习基准亮度... (0/100)
2026-07-03 16:38:30 [INFO] Detector: 正在学习基准亮度... (0/100)
2026-07-03 16:38:30 [INFO] Detector: 正在学习基准亮度... (0/100)
2026-07-03 16:38:30 [INFO] Detector: 正在学习基准亮度... (0/100)
2026-07-03 16:38:30 [INFO] Detector: 正在学习基准亮度... (0/100)
2026-07-03 16:38:31 [INFO] Detector: 正在学习基准亮度... (0/100)
2026-07-03 16:38:31 [INFO] Detector: 正在学习基准亮度... (0/100)
2026-07-03 16:38:31 [INFO] Detector: 正在学习基准亮度... (0/100)
2026-07-03 16:38:31 [INFO] Detector: 正在学习基准亮度... (0/100)
2026-07-03 16:38:31 [INFO] Detector: 正在学习基准亮度... (0/100)
2026-07-03 16:38:31 [INFO] Detector: 正在学习基准亮度... (0/100)
2026-07-03 16:38:31 [INFO] Detector: 正在学习基准亮度... (0/100)
2026-07-03 16:38:31 [INFO] MainController: 运行时间: 18.8秒 | FPS: 8.0 | 状态: uncertain | 亮度: 21.9 | CPU: 0.0%
2026-07-03 16:38:31 [INFO] Detector: 正在学习基准亮度... (0/100)
2026-07-03 16:38:32 [INFO] Detector: 正在学习基准亮度... (0/100)
2026-07-03 16:38:32 [INFO] Detector: 正在学习基准亮度... (0/100)
2026-07-03 16:38:32 [INFO] Detector: 正在学习基准亮度... (0/100)
2026-07-03 16:38:32 [INFO] Detector: 正在学习基准亮度... (0/100)
2026-07-03 16:38:32 [INFO] Detector: 正在学习基准亮度... (0/100)
2026-07-03 16:38:32 [INFO] Detector: 正在学习基准亮度... (0/100)
2026-07-03 16:38:32 [INFO] Detector: 正在学习基准亮度... (0/100)
2026-07-03 16:38:33 [INFO] Detector: 正在学习基准亮度... (0/100)
2026-07-03 16:38:33 [INFO] Detector: 正在学习基准亮度... (0/100)
2026-07-03 16:38:33 [INFO] Detector: 正在学习基准亮度... (0/100)
2026-07-03 16:38:33 [INFO] Detector: 正在学习基准亮度... (0/100)
2026-07-03 16:38:33 [INFO] Detector: 正在学习基准亮度... (0/100)
2026-07-03 16:38:33 [INFO] Detector: 正在学习基准亮度... (0/100)
2026-07-03 16:38:33 [INFO] Detector: 正在学习基准亮度... (0/100)
2026-07-03 16:38:33 [INFO] Detector: 正在学习基准亮度... (0/100)
2026-07-03 16:38:34 [INFO] Detector: 正在学习基准亮度... (0/100)
2026-07-03 16:38:34 [INFO] Detector: 正在学习基准亮度... (0/100)
2026-07-03 16:38:34 [INFO] Detector: 正在学习基准亮度... (0/100)
2026-07-03 16:38:34 [INFO] Detector: 正在学习基准亮度... (0/100)
2026-07-03 16:38:34 [INFO] Detector: 正在学习基准亮度... (0/100)
2026-07-03 16:38:34 [INFO] Detector: 正在学习基准亮度... (0/100)
2026-07-03 16:38:34 [INFO] Detector: 正在学习基准亮度... (0/100)
2026-07-03 16:38:34 [INFO] Detector: 正在学习基准亮度... (0/100)
2026-07-03 16:38:35 [INFO] Detector: 正在学习基准亮度... (0/100)
2026-07-03 16:38:35 [INFO] Detector: 正在学习基准亮度... (0/100)
2026-07-03 16:38:35 [INFO] Detector: 正在学习基准亮度... (0/100)
2026-07-03 16:38:35 [INFO] Detector: 正在学习基准亮度... (0/100)
2026-07-03 16:38:35 [INFO] Detector: 正在学习基准亮度... (0/100)
2026-07-03 16:38:35 [INFO] Detector: 正在学习基准亮度... (0/100)
2026-07-03 16:38:35 [INFO] MainController: 运行时间: 22.6秒 | FPS: 8.0 | 状态: uncertain | 亮度: 24.3 | CPU: 0.0%
2026-07-03 16:38:35 [INFO] Detector: 正在学习基准亮度... (0/100)
2026-07-03 16:38:35 [INFO] Detector: 正在学习基准亮度... (0/100)
2026-07-03 16:38:36 [INFO] Detector: 正在学习基准亮度... (0/100)
2026-07-03 16:38:36 [INFO] Detector: 正在学习基准亮度... (0/100)
2026-07-03 16:38:36 [INFO] Detector: 正在学习基准亮度... (0/100)
2026-07-03 16:38:36 [INFO] Detector: 正在学习基准亮度... (0/100)
2026-07-03 16:38:36 [INFO] Detector: 正在学习基准亮度... (0/100)
2026-07-03 16:38:36 [INFO] Detector: 正在学习基准亮度... (0/100)
2026-07-03 16:38:36 [INFO] Detector: 正在学习基准亮度... (0/100)
2026-07-03 16:38:36 [INFO] Detector: 正在学习基准亮度... (0/100)
2026-07-03 16:38:37 [INFO] Detector: 正在学习基准亮度... (0/100)
2026-07-03 16:38:37 [INFO] Detector: 正在学习基准亮度... (0/100)
2026-07-03 16:38:37 [INFO] Detector: 正在学习基准亮度... (0/100)
2026-07-03 16:38:37 [INFO] Detector: 正在学习基准亮度... (0/100)
2026-07-03 16:38:37 [INFO] Detector: 正在学习基准亮度... (0/100)
2026-07-03 16:38:37 [INFO] Detector: 正在学习基准亮度... (0/100)
2026-07-03 16:38:37 [INFO] Detector: 正在学习基准亮度... (0/100)
2026-07-03 16:38:37 [INFO] Detector: 正在学习基准亮度... (0/100)
2026-07-03 16:38:38 [INFO] Detector: 正在学习基准亮度... (0/100)
2026-07-03 16:38:38 [INFO] Detector: 正在学习基准亮度... (0/100)
2026-07-03 16:38:38 [INFO] Detector: 正在学习基准亮度... (0/100)
2026-07-03 16:38:38 [INFO] Detector: 正在学习基准亮度... (0/100)
2026-07-03 16:38:38 [INFO] Detector: 正在学习基准亮度... (0/100)
2026-07-03 16:38:38 [INFO] Detector: 正在学习基准亮度... (0/100)
2026-07-03 16:38:38 [INFO] Detector: 正在学习基准亮度... (0/100)
2026-07-03 16:38:38 [INFO] Detector: 正在学习基准亮度... (0/100)
2026-07-03 16:38:39 [INFO] Detector: 正在学习基准亮度... (0/100)
2026-07-03 16:38:39 [INFO] Detector: 正在学习基准亮度... (0/100)
2026-07-03 16:38:39 [INFO] Detector: 正在学习基准亮度... (0/100)
2026-07-03 16:38:39 [INFO] Detector: 正在学习基准亮度... (0/100)
2026-07-03 16:38:39 [INFO] MainController: 运行时间: 26.4秒 | FPS: 8.0 | 状态: uncertain | 亮度: 26.5 | CPU: 0.0%
2026-07-03 16:38:39 [INFO] Detector: 正在学习基准亮度... (0/100)
2026-07-03 16:38:39 [INFO] Detector: 正在学习基准亮度... (0/100)
2026-07-03 16:38:39 [INFO] Detector: 正在学习基准亮度... (0/100)
2026-07-03 16:38:39 [INFO] Detector: 正在学习基准亮度... (0/100)
2026-07-03 16:38:40 [INFO] Detector: 正在学习基准亮度... (0/100)
2026-07-03 16:38:40 [INFO] Detector: 正在学习基准亮度... (0/100)
2026-07-03 16:38:40 [INFO] Detector: 正在学习基准亮度... (0/100)
2026-07-03 16:38:40 [INFO] Detector: 正在学习基准亮度... (0/100)
2026-07-03 16:38:40 [INFO] Detector: 正在学习基准亮度... (0/100)
2026-07-03 16:38:40 [INFO] Detector: 正在学习基准亮度... (0/100)
2026-07-03 16:38:40 [INFO] Detector: 正在学习基准亮度... (0/100)
2026-07-03 16:38:40 [INFO] Detector: 正在学习基准亮度... (0/100)
2026-07-03 16:38:41 [INFO] Detector: 正在学习基准亮度... (0/100)
2026-07-03 16:38:41 [INFO] Detector: 正在学习基准亮度... (0/100)
2026-07-03 16:38:41 [INFO] Detector: 正在学习基准亮度... (0/100)
2026-07-03 16:38:41 [INFO] Detector: 正在学习基准亮度... (0/100)
2026-07-03 16:38:41 [INFO] Detector: 正在学习基准亮度... (0/100)
2026-07-03 16:38:41 [INFO] Detector: 正在学习基准亮度... (0/100)
2026-07-03 16:38:41 [INFO] Detector: 正在学习基准亮度... (0/100)
2026-07-03 16:38:41 [INFO] Detector: 正在学习基准亮度... (0/100)
2026-07-03 16:38:42 [INFO] Detector: 正在学习基准亮度... (0/100)
2026-07-03 16:38:42 [INFO] Detector: 正在学习基准亮度... (0/100)
2026-07-03 16:38:42 [INFO] Detector: 正在学习基准亮度... (0/100)
2026-07-03 16:38:42 [INFO] Detector: 正在学习基准亮度... (0/100)
2026-07-03 16:38:42 [INFO] Detector: 正在学习基准亮度... (0/100)
2026-07-03 16:38:42 [INFO] Detector: 正在学习基准亮度... (0/100)
2026-07-03 16:38:42 [INFO] Detector: 正在学习基准亮度... (0/100)
2026-07-03 16:38:42 [INFO] Detector: 正在学习基准亮度... (0/100)
2026-07-03 16:38:43 [INFO] Detector: 正在学习基准亮度... (0/100)
2026-07-03 16:38:43 [INFO] Detector: 正在学习基准亮度... (0/100)
2026-07-03 16:38:43 [INFO] MainController: 运行时间: 30.2秒 | FPS: 8.0 | 状态: uncertain | 亮度: 24.3 | CPU: 0.0%
2026-07-03 16:38:43 [INFO] Detector: 正在学习基准亮度... (0/100)
2026-07-03 16:38:43 [INFO] Detector: 正在学习基准亮度... (0/100)
2026-07-03 16:38:43 [INFO] Detector: 正在学习基准亮度... (0/100)
2026-07-03 16:38:43 [INFO] Detector: 正在学习基准亮度... (0/100)
2026-07-03 16:38:43 [INFO] Detector: 正在学习基准亮度... (0/100)
2026-07-03 16:38:43 [INFO] Detector: 正在学习基准亮度... (0/100)
2026-07-03 16:38:44 [INFO] Detector: 正在学习基准亮度... (0/100)
2026-07-03 16:38:44 [INFO] Detector: 正在学习基准亮度... (0/100)
2026-07-03 16:38:44 [INFO] Detector: 正在学习基准亮度... (0/100)
2026-07-03 16:38:44 [INFO] Detector: 正在学习基准亮度... (0/100)
2026-07-03 16:38:44 [INFO] Detector: 正在学习基准亮度... (0/100)
2026-07-03 16:38:44 [INFO] Detector: 正在学习基准亮度... (0/100)
2026-07-03 16:38:44 [INFO] Detector: 正在学习基准亮度... (0/100)
2026-07-03 16:38:44 [INFO] Detector: 正在学习基准亮度... (0/100)
2026-07-03 16:38:45 [INFO] Detector: 正在学习基准亮度... (0/100)
2026-07-03 16:38:45 [INFO] Detector: 正在学习基准亮度... (0/100)
2026-07-03 16:38:45 [INFO] Detector: 正在学习基准亮度... (0/100)
2026-07-03 16:38:45 [INFO] Detector: 正在学习基准亮度... (0/100)
2026-07-03 16:38:45 [INFO] Detector: 正在学习基准亮度... (0/100)
2026-07-03 16:38:45 [INFO] Detector: 正在学习基准亮度... (0/100)
2026-07-03 16:38:45 [INFO] Detector: 正在学习基准亮度... (0/100)
2026-07-03 16:38:45 [INFO] Detector: 正在学习基准亮度... (0/100)
2026-07-03 16:38:46 [INFO] Detector: 正在学习基准亮度... (0/100)
2026-07-03 16:38:46 [INFO] Detector: 正在学习基准亮度... (0/100)
2026-07-03 16:38:46 [INFO] Detector: 正在学习基准亮度... (0/100)
2026-07-03 16:38:46 [INFO] Detector: 正在学习基准亮度... (0/100)
2026-07-03 16:38:46 [INFO] Detector: 正在学习基准亮度... (0/100)
2026-07-03 16:38:46 [INFO] Detector: 正在学习基准亮度... (0/100)
2026-07-03 16:38:46 [INFO] Detector: 正在学习基准亮度... (0/100)
2026-07-03 16:38:46 [INFO] Detector: 正在学习基准亮度... (0/100)
2026-07-03 16:38:47 [INFO] MainController: 运行时间: 33.9秒 | FPS: 8.0 | 状态: uncertain | 亮度: 27.1 | CPU: 0.0%
2026-07-03 16:38:47 [INFO] Detector: 正在学习基准亮度... (0/100)
2026-07-03 16:38:47 [INFO] Detector: 正在学习基准亮度... (0/100)
2026-07-03 16:38:47 [INFO] Detector: 正在学习基准亮度... (0/100)
2026-07-03 16:38:47 [INFO] Detector: 正在学习基准亮度... (0/100)
2026-07-03 16:38:47 [INFO] Detector: 正在学习基准亮度... (0/100)
2026-07-03 16:38:47 [INFO] Detector: 正在学习基准亮度... (0/100)
2026-07-03 16:38:47 [INFO] Detector: 正在学习基准亮度... (0/100)
2026-07-03 16:38:47 [INFO] Detector: 正在学习基准亮度... (0/100)
2026-07-03 16:38:48 [INFO] Detector: 正在学习基准亮度... (0/100)
2026-07-03 16:38:48 [INFO] Detector: 正在学习基准亮度... (0/100)
2026-07-03 16:38:48 [INFO] Detector: 正在学习基准亮度... (0/100)
2026-07-03 16:38:48 [INFO] Detector: 正在学习基准亮度... (0/100)
2026-07-03 16:38:48 [INFO] Detector: 正在学习基准亮度... (0/100)
2026-07-03 16:38:48 [INFO] Detector: 正在学习基准亮度... (0/100)
2026-07-03 16:38:48 [INFO] Detector: 正在学习基准亮度... (0/100)
2026-07-03 16:38:48 [INFO] Detector: 正在学习基准亮度... (0/100)
2026-07-03 16:38:49 [INFO] Detector: 正在学习基准亮度... (0/100)
2026-07-03 16:38:49 [INFO] Detector: 正在学习基准亮度... (0/100)
2026-07-03 16:38:49 [INFO] Detector: 正在学习基准亮度... (0/100)
2026-07-03 16:38:49 [INFO] Detector: 正在学习基准亮度... (0/100)
2026-07-03 16:38:49 [INFO] Detector: 正在学习基准亮度... (0/100)
2026-07-03 16:38:49 [INFO] Detector: 正在学习基准亮度... (0/100)
2026-07-03 16:38:49 [INFO] Detector: 正在学习基准亮度... (0/100)
2026-07-03 16:38:49 [INFO] Detector: 正在学习基准亮度... (0/100)
2026-07-03 16:38:50 [INFO] Detector: 正在学习基准亮度... (0/100)
2026-07-03 16:38:50 [INFO] Detector: 正在学习基准亮度... (0/100)
2026-07-03 16:38:50 [INFO] Detector: 正在学习基准亮度... (0/100)
2026-07-03 16:38:50 [INFO] Detector: 正在学习基准亮度... (0/100)
2026-07-03 16:38:50 [INFO] Detector: 正在学习基准亮度... (0/100)
2026-07-03 16:38:50 [INFO] Detector: 正在学习基准亮度... (0/100)
2026-07-03 16:38:50 [INFO] MainController: 运行时间: 37.7秒 | FPS: 8.0 | 状态: uncertain | 亮度: 25.8 | CPU: 0.0%
2026-07-03 16:38:50 [INFO] Detector: 正在学习基准亮度... (0/100)
2026-07-03 16:38:50 [INFO] Detector: 正在学习基准亮度... (0/100)
2026-07-03 16:38:51 [INFO] Detector: 正在学习基准亮度... (0/100)
2026-07-03 16:38:51 [INFO] Detector: 正在学习基准亮度... (0/100)
2026-07-03 16:38:51 [INFO] Detector: 正在学习基准亮度... (0/100)
2026-07-03 16:38:51 [INFO] Detector: 正在学习基准亮度... (0/100)
2026-07-03 16:38:51 [INFO] Detector: 正在学习基准亮度... (0/100)
2026-07-03 16:38:51 [INFO] Detector: 正在学习基准亮度... (0/100)
2026-07-03 16:38:51 [INFO] Detector: 正在学习基准亮度... (0/100)
2026-07-03 16:38:51 [INFO] Detector: 正在学习基准亮度... (0/100)
2026-07-03 16:38:52 [INFO] Detector: 正在学习基准亮度... (0/100)
2026-07-03 16:38:52 [INFO] Detector: 正在学习基准亮度... (0/100)
2026-07-03 16:38:52 [INFO] Detector: 正在学习基准亮度... (0/100)
2026-07-03 16:38:52 [INFO] Detector: 正在学习基准亮度... (0/100)
2026-07-03 16:38:52 [INFO] Detector: 正在学习基准亮度... (0/100)
2026-07-03 16:38:52 [INFO] Detector: 正在学习基准亮度... (0/100)
2026-07-03 16:38:52 [INFO] Detector: 正在学习基准亮度... (0/100)
2026-07-03 16:38:52 [INFO] Detector: 正在学习基准亮度... (0/100)
2026-07-03 16:38:53 [INFO] Detector: 正在学习基准亮度... (0/100)
2026-07-03 16:38:53 [INFO] Detector: 正在学习基准亮度... (0/100)
2026-07-03 16:38:53 [INFO] Detector: 正在学习基准亮度... (0/100)
2026-07-03 16:38:53 [INFO] Detector: 正在学习基准亮度... (0/100)
2026-07-03 16:38:53 [INFO] Detector: 正在学习基准亮度... (0/100)
2026-07-03 16:38:53 [INFO] Detector: 正在学习基准亮度... (0/100)
2026-07-03 16:38:53 [INFO] Detector: 正在学习基准亮度... (0/100)
2026-07-03 16:38:53 [INFO] Detector: 正在学习基准亮度... (0/100)
2026-07-03 16:38:54 [INFO] Detector: 正在学习基准亮度... (0/100)
2026-07-03 16:38:54 [INFO] Detector: 正在学习基准亮度... (0/100)
2026-07-03 16:38:54 [INFO] Detector: 正在学习基准亮度... (0/100)
2026-07-03 16:38:54 [INFO] Detector: 正在学习基准亮度... (0/100)
2026-07-03 16:38:54 [INFO] MainController: 运行时间: 41.5秒 | FPS: 8.0 | 状态: uncertain | 亮度: 25.2 | CPU: 0.0%
2026-07-03 16:38:54 [INFO] Detector: 正在学习基准亮度... (0/100)
2026-07-03 16:38:54 [INFO] Detector: 正在学习基准亮度... (0/100)
2026-07-03 16:38:54 [INFO] Detector: 正在学习基准亮度... (0/100)
2026-07-03 16:38:54 [INFO] Detector: 正在学习基准亮度... (0/100)
2026-07-03 16:38:55 [INFO] Detector: 正在学习基准亮度... (0/100)
2026-07-03 16:38:55 [INFO] Detector: 正在学习基准亮度... (0/100)
2026-07-03 16:38:55 [INFO] Detector: 正在学习基准亮度... (0/100)
2026-07-03 16:38:55 [INFO] Detector: 正在学习基准亮度... (0/100)
2026-07-03 16:38:55 [INFO] Detector: 正在学习基准亮度... (0/100)
2026-07-03 16:38:55 [INFO] Detector: 正在学习基准亮度... (0/100)
2026-07-03 16:38:55 [INFO] Detector: 正在学习基准亮度... (0/100)
2026-07-03 16:38:56 [INFO] Detector: 正在学习基准亮度... (0/100)
2026-07-03 16:38:56 [INFO] Detector: 正在学习基准亮度... (0/100)
2026-07-03 16:38:56 [INFO] Detector: 正在学习基准亮度... (0/100)
2026-07-03 16:38:56 [INFO] Detector: 正在学习基准亮度... (0/100)
2026-07-03 16:38:56 [INFO] Detector: 正在学习基准亮度... (0/100)
2026-07-03 16:38:56 [INFO] Detector: 正在学习基准亮度... (0/100)
2026-07-03 16:38:56 [INFO] Detector: 正在学习基准亮度... (0/100)
2026-07-03 16:38:56 [INFO] Detector: 正在学习基准亮度... (0/100)
2026-07-03 16:38:57 [INFO] Detector: 正在学习基准亮度... (0/100)
2026-07-03 16:38:57 [INFO] Detector: 正在学习基准亮度... (0/100)
2026-07-03 16:38:57 [INFO] Detector: 正在学习基准亮度... (0/100)
2026-07-03 16:38:57 [INFO] Detector: 正在学习基准亮度... (0/100)
2026-07-03 16:38:57 [INFO] Detector: 正在学习基准亮度... (0/100)
2026-07-03 16:38:57 [INFO] Detector: 正在学习基准亮度... (0/100)
2026-07-03 16:38:57 [INFO] Detector: 正在学习基准亮度... (0/100)
2026-07-03 16:38:57 [INFO] Detector: 正在学习基准亮度... (0/100)
2026-07-03 16:38:58 [INFO] Detector: 正在学习基准亮度... (0/100)
2026-07-03 16:38:58 [INFO] Detector: 正在学习基准亮度... (0/100)
2026-07-03 16:38:58 [INFO] Detector: 正在学习基准亮度... (0/100)
2026-07-03 16:38:58 [INFO] MainController: 运行时间: 45.2秒 | FPS: 8.0 | 状态: uncertain | 亮度: 23.4 | CPU: 0.0%
2026-07-03 16:38:58 [INFO] Detector: 正在学习基准亮度... (0/100)
2026-07-03 16:38:58 [INFO] Detector: 正在学习基准亮度... (0/100)
2026-07-03 16:38:58 [INFO] Detector: 正在学习基准亮度... (0/100)
2026-07-03 16:38:58 [INFO] Detector: 正在学习基准亮度... (0/100)
2026-07-03 16:38:58 [INFO] Detector: 正在学习基准亮度... (0/100)
2026-07-03 16:38:59 [INFO] Detector: 正在学习基准亮度... (0/100)
2026-07-03 16:38:59 [INFO] Detector: 正在学习基准亮度... (0/100)
2026-07-03 16:38:59 [INFO] Detector: 正在学习基准亮度... (0/100)
2026-07-03 16:38:59 [INFO] Detector: 正在学习基准亮度... (0/100)
2026-07-03 16:38:59 [INFO] Detector: 正在学习基准亮度... (0/100)
2026-07-03 16:38:59 [INFO] Detector: 正在学习基准亮度... (0/100)
2026-07-03 16:38:59 [INFO] Detector: 正在学习基准亮度... (0/100)
2026-07-03 16:38:59 [INFO] Detector: 正在学习基准亮度... (0/100)
2026-07-03 16:39:00 [INFO] Detector: 正在学习基准亮度... (0/100)
2026-07-03 16:39:00 [INFO] Detector: 正在学习基准亮度... (0/100)
2026-07-03 16:39:00 [INFO] Detector: 正在学习基准亮度... (0/100)
2026-07-03 16:39:00 [INFO] Detector: 正在学习基准亮度... (0/100)
2026-07-03 16:39:00 [INFO] Detector: 正在学习基准亮度... (0/100)
2026-07-03 16:39:00 [INFO] Detector: 正在学习基准亮度... (0/100)
2026-07-03 16:39:00 [INFO] Detector: 正在学习基准亮度... (0/100)
2026-07-03 16:39:00 [INFO] Detector: 正在学习基准亮度... (0/100)
2026-07-03 16:39:01 [INFO] Detector: 正在学习基准亮度... (0/100)
2026-07-03 16:39:01 [INFO] Detector: 正在学习基准亮度... (0/100)
2026-07-03 16:39:01 [INFO] Detector: 正在学习基准亮度... (0/100)
2026-07-03 16:39:01 [INFO] Detector: 正在学习基准亮度... (0/100)
2026-07-03 16:39:01 [INFO] Detector: 正在学习基准亮度... (0/100)
2026-07-03 16:39:01 [INFO] Detector: 正在学习基准亮度... (0/100)
2026-07-03 16:39:01 [INFO] Detector: 正在学习基准亮度... (0/100)
2026-07-03 16:39:01 [INFO] Detector: 正在学习基准亮度... (0/100)
2026-07-03 16:39:02 [INFO] Detector: 正在学习基准亮度... (0/100)
2026-07-03 16:39:02 [INFO] MainController: 运行时间: 49.0秒 | FPS: 8.0 | 状态: uncertain | 亮度: 44.2 | CPU: 0.0%
2026-07-03 16:39:02 [INFO] Detector: 正在学习基准亮度... (0/100)
2026-07-03 16:39:02 [INFO] Detector: 正在学习基准亮度... (0/100)
2026-07-03 16:39:02 [INFO] Detector: 正在学习基准亮度... (0/100)
2026-07-03 16:39:02 [INFO] Detector: 正在学习基准亮度... (0/100)
2026-07-03 16:39:02 [INFO] Detector: 正在学习基准亮度... (0/100)
2026-07-03 16:39:02 [INFO] Detector: 正在学习基准亮度... (0/100)
2026-07-03 16:39:02 [INFO] Detector: 正在学习基准亮度... (0/100)
2026-07-03 16:39:03 [INFO] Detector: 正在学习基准亮度... (0/100)
2026-07-03 16:39:03 [INFO] Detector: 正在学习基准亮度... (0/100)
2026-07-03 16:39:03 [INFO] Detector: 正在学习基准亮度... (0/100)
2026-07-03 16:39:03 [INFO] Detector: 正在学习基准亮度... (0/100)
2026-07-03 16:39:03 [INFO] Detector: 正在学习基准亮度... (0/100)
2026-07-03 16:39:03 [INFO] Detector: 正在学习基准亮度... (0/100)
2026-07-03 16:39:03 [INFO] Detector: 正在学习基准亮度... (0/100)
2026-07-03 16:39:03 [INFO] Detector: 正在学习基准亮度... (0/100)
2026-07-03 16:39:04 [INFO] Detector: 正在学习基准亮度... (0/100)
2026-07-03 16:39:04 [INFO] Detector: 正在学习基准亮度... (0/100)
2026-07-03 16:39:04 [INFO] Detector: 正在学习基准亮度... (0/100)
2026-07-03 16:39:04 [INFO] Detector: 正在学习基准亮度... (0/100)
2026-07-03 16:39:04 [INFO] Detector: 正在学习基准亮度... (0/100)
2026-07-03 16:39:04 [INFO] Detector: 正在学习基准亮度... (0/100)
2026-07-03 16:39:04 [INFO] Detector: 正在学习基准亮度... (0/100)
2026-07-03 16:39:04 [INFO] Detector: 正在学习基准亮度... (0/100)
2026-07-03 16:39:05 [INFO] Detector: 正在学习基准亮度... (0/100)
2026-07-03 16:39:05 [INFO] Detector: 正在学习基准亮度... (0/100)
2026-07-03 16:39:05 [INFO] Detector: 正在学习基准亮度... (0/100)
2026-07-03 16:39:05 [INFO] Detector: 正在学习基准亮度... (0/100)
2026-07-03 16:39:05 [INFO] Detector: 正在学习基准亮度... (0/100)
2026-07-03 16:39:05 [INFO] Detector: 正在学习基准亮度... (0/100)
2026-07-03 16:39:05 [INFO] Detector: 正在学习基准亮度... (0/100)
2026-07-03 16:39:05 [INFO] MainController: 运行时间: 52.8秒 | FPS: 8.0 | 状态: uncertain | 亮度: 44.2 | CPU: 0.0%
2026-07-03 16:39:05 [INFO] Detector: 正在学习基准亮度... (0/100)
2026-07-03 16:39:06 [INFO] Detector: 正在学习基准亮度... (0/100)
2026-07-03 16:39:06 [INFO] Detector: 正在学习基准亮度... (0/100)
2026-07-03 16:39:06 [INFO] Detector: 正在学习基准亮度... (0/100)
2026-07-03 16:39:06 [INFO] Detector: 正在学习基准亮度... (0/100)
2026-07-03 16:39:06 [INFO] Detector: 正在学习基准亮度... (0/100)
2026-07-03 16:39:06 [INFO] Detector: 正在学习基准亮度... (0/100)
2026-07-03 16:39:06 [INFO] Detector: 正在学习基准亮度... (0/100)
2026-07-03 16:39:06 [INFO] Detector: 正在学习基准亮度... (0/100)
2026-07-03 16:39:07 [INFO] Detector: 正在学习基准亮度... (0/100)
2026-07-03 16:39:07 [INFO] Detector: 正在学习基准亮度... (0/100)
2026-07-03 16:39:07 [INFO] Detector: 正在学习基准亮度... (0/100)
2026-07-03 16:39:07 [INFO] Detector: 正在学习基准亮度... (0/100)
2026-07-03 16:39:07 [INFO] Detector: 正在学习基准亮度... (0/100)
2026-07-03 16:39:07 [INFO] Detector: 正在学习基准亮度... (0/100)
2026-07-03 16:39:07 [INFO] Detector: 正在学习基准亮度... (0/100)
2026-07-03 16:39:07 [INFO] Detector: 正在学习基准亮度... (0/100)
2026-07-03 16:39:08 [INFO] Detector: 正在学习基准亮度... (0/100)
2026-07-03 16:39:08 [INFO] Detector: 正在学习基准亮度... (0/100)
2026-07-03 16:39:08 [INFO] Detector: 正在学习基准亮度... (0/100)
2026-07-03 16:39:08 [INFO] Detector: 正在学习基准亮度... (0/100)
2026-07-03 16:39:08 [INFO] MainController: 正在停止控制器...
2026-07-03 16:39:08 [INFO] Detector: 检测器已关闭
2026-07-03 16:39:08 [INFO] MainController: 控制器已停止
2026-07-03 16:40:08 [INFO] Detector: 游戏状态检测器初始化完成
2026-07-03 16:40:08 [INFO] WindowManager: 窗口管理器初始化完成
2026-07-03 16:40:08 [INFO] BrowserController: 浏览器控制器初始化完成
2026-07-03 16:40:08 [INFO] InputController: 输入控制器初始化完成
2026-07-03 16:40:08 [INFO] MainController: ============================================================
2026-07-03 16:40:08 [INFO] MainController: 自动切换控制器初始化完成
2026-07-03 16:40:08 [INFO] MainController: ============================================================
2026-07-03 16:40:08 [INFO] MainController: 正在检查系统前提条件...
2026-07-03 16:40:09 [INFO] MainController: ✓ LOL进程已运行
2026-07-03 16:40:09 [INFO] MainController: ✓ 系统前提条件检查完成
2026-07-03 16:40:09 [INFO] MainController: 
============================================================
2026-07-03 16:40:09 [INFO] MainController: 开始检测循环
2026-07-03 16:40:09 [INFO] MainController: ============================================================
2026-07-03 16:40:09 [INFO] Detector: 正在学习基准亮度... (1/100)
2026-07-03 16:40:09 [INFO] Detector: 正在学习基准亮度... (2/100)
2026-07-03 16:40:13 [INFO] MainController: 运行时间: 3.8秒 | FPS: 8.0 | 状态: alive | 亮度: 25.3 | CPU: 0.0%
2026-07-03 16:40:17 [INFO] MainController: 运行时间: 7.5秒 | FPS: 8.0 | 状态: alive | 亮度: 25.3 | CPU: 0.0%
2026-07-03 16:40:21 [INFO] MainController: 运行时间: 11.3秒 | FPS: 8.0 | 状态: alive | 亮度: 25.7 | CPU: 0.0%
2026-07-03 16:40:24 [INFO] MainController: 运行时间: 15.1秒 | FPS: 8.0 | 状态: alive | 亮度: 19.0 | CPU: 0.0%
2026-07-03 16:40:28 [INFO] MainController: 运行时间: 18.8秒 | FPS: 8.0 | 状态: alive | 亮度: 17.9 | CPU: 0.0%
2026-07-03 16:40:32 [INFO] MainController: 运行时间: 22.6秒 | FPS: 8.0 | 状态: alive | 亮度: 17.4 | CPU: 0.0%
2026-07-03 16:40:36 [INFO] MainController: 运行时间: 26.4秒 | FPS: 8.0 | 状态: alive | 亮度: 17.1 | CPU: 0.0%
2026-07-03 16:40:39 [INFO] MainController: 运行时间: 30.1秒 | FPS: 8.0 | 状态: alive | 亮度: 16.9 | CPU: 0.0%
2026-07-03 16:40:43 [INFO] MainController: 运行时间: 33.9秒 | FPS: 8.0 | 状态: alive | 亮度: 17.1 | CPU: 0.0%
2026-07-03 16:40:47 [INFO] MainController: 运行时间: 37.7秒 | FPS: 8.0 | 状态: alive | 亮度: 17.4 | CPU: 0.0%
2026-07-03 16:40:51 [INFO] MainController: 运行时间: 41.4秒 | FPS: 8.0 | 状态: alive | 亮度: 31.6 | CPU: 0.0%
2026-07-03 16:40:54 [INFO] MainController: 运行时间: 45.2秒 | FPS: 8.0 | 状态: alive | 亮度: 26.3 | CPU: 0.0%
2026-07-03 16:40:58 [INFO] MainController: 运行时间: 49.0秒 | FPS: 8.0 | 状态: alive | 亮度: 25.9 | CPU: 0.0%
2026-07-03 16:41:02 [INFO] MainController: 运行时间: 52.7秒 | FPS: 8.0 | 状态: alive | 亮度: 25.6 | CPU: 0.0%
2026-07-03 16:41:06 [INFO] MainController: 运行时间: 56.5秒 | FPS: 8.0 | 状态: alive | 亮度: 26.1 | CPU: 0.0%
2026-07-03 16:41:09 [INFO] MainController: 运行时间: 1分0秒 | FPS: 8.0 | 状态: alive | 亮度: 26.2 | CPU: 0.0%
2026-07-03 16:41:13 [INFO] MainController: 正在停止控制器...
2026-07-03 16:41:13 [INFO] Detector: 检测器已关闭
2026-07-03 16:41:13 [INFO] MainController: 控制器已停止
2026-07-03 16:42:17 [INFO] Detector: 游戏状态检测器初始化完成
2026-07-03 16:42:17 [INFO] WindowManager: 窗口管理器初始化完成
2026-07-03 16:42:17 [INFO] BrowserController: 浏览器控制器初始化完成
2026-07-03 16:42:17 [INFO] InputController: 输入控制器初始化完成
2026-07-03 16:42:17 [INFO] MainController: ============================================================
2026-07-03 16:42:17 [INFO] MainController: 自动切换控制器初始化完成
2026-07-03 16:42:17 [INFO] MainController: ============================================================
2026-07-03 16:42:17 [INFO] MainController: 正在检查系统前提条件...
2026-07-03 16:42:18 [INFO] MainController: ✓ LOL进程已运行
2026-07-03 16:42:18 [INFO] MainController: ✓ 系统前提条件检查完成
2026-07-03 16:42:18 [INFO] MainController: 
============================================================
2026-07-03 16:42:18 [INFO] MainController: 开始检测循环
2026-07-03 16:42:18 [INFO] MainController: ============================================================
2026-07-03 16:42:18 [INFO] Detector: 正在学习基准亮度... (1/50)
2026-07-03 16:42:19 [INFO] Detector: 正在学习基准亮度... (2/50)
2026-07-03 16:42:22 [INFO] MainController: 运行时间: 3.8秒 | FPS: 8.0 | 状态: alive | 亮度: 26.3 | CPU: 0.0%
2026-07-03 16:42:26 [INFO] MainController: 运行时间: 7.5秒 | FPS: 8.0 | 状态: alive | 亮度: 35.0 | CPU: 0.0%
2026-07-03 16:42:30 [INFO] MainController: 运行时间: 11.3秒 | FPS: 8.0 | 状态: alive | 亮度: 15.9 | CPU: 0.0%
2026-07-03 16:42:33 [INFO] MainController: 运行时间: 15.1秒 | FPS: 8.0 | 状态: alive | 亮度: 16.6 | CPU: 0.0%
2026-07-03 16:42:37 [INFO] MainController: 运行时间: 18.8秒 | FPS: 8.0 | 状态: alive | 亮度: 12.0 | CPU: 0.0%
2026-07-03 16:42:41 [INFO] MainController: 运行时间: 22.6秒 | FPS: 8.0 | 状态: alive | 亮度: 11.9 | CPU: 0.0%
2026-07-03 16:42:45 [INFO] MainController: 运行时间: 26.4秒 | FPS: 8.0 | 状态: alive | 亮度: 14.1 | CPU: 0.0%
2026-07-03 16:42:49 [INFO] MainController: 运行时间: 30.1秒 | FPS: 8.0 | 状态: alive | 亮度: 15.7 | CPU: 0.0%
2026-07-03 16:42:52 [INFO] MainController: 运行时间: 33.9秒 | FPS: 8.0 | 状态: alive | 亮度: 32.0 | CPU: 0.0%
2026-07-03 16:42:56 [INFO] MainController: 运行时间: 37.7秒 | FPS: 8.0 | 状态: alive | 亮度: 32.1 | CPU: 0.0%
2026-07-03 16:43:00 [INFO] MainController: 运行时间: 41.4秒 | FPS: 8.0 | 状态: alive | 亮度: 32.0 | CPU: 0.0%
2026-07-03 16:43:04 [INFO] MainController: 运行时间: 45.2秒 | FPS: 8.0 | 状态: alive | 亮度: 32.0 | CPU: 0.0%
2026-07-03 16:43:07 [INFO] MainController: 运行时间: 49.0秒 | FPS: 8.0 | 状态: alive | 亮度: 31.9 | CPU: 0.0%
2026-07-03 16:43:11 [INFO] MainController: 运行时间: 52.7秒 | FPS: 8.0 | 状态: alive | 亮度: 32.0 | CPU: 0.0%
2026-07-03 16:43:15 [INFO] MainController: 运行时间: 56.5秒 | FPS: 8.0 | 状态: alive | 亮度: 32.5 | CPU: 0.0%
2026-07-03 16:43:19 [INFO] MainController: 运行时间: 1分0秒 | FPS: 8.0 | 状态: alive | 亮度: 32.3 | CPU: 0.0%
2026-07-03 16:43:22 [INFO] MainController: 运行时间: 1分4秒 | FPS: 8.0 | 状态: alive | 亮度: 32.4 | CPU: 0.0%
2026-07-03 16:43:26 [INFO] MainController: 运行时间: 1分7秒 | FPS: 8.0 | 状态: alive | 亮度: 32.4 | CPU: 0.0%
2026-07-03 16:43:30 [INFO] MainController: 运行时间: 1分11秒 | FPS: 8.0 | 状态: alive | 亮度: 33.1 | CPU: 0.0%
2026-07-03 16:43:34 [INFO] MainController: 运行时间: 1分15秒 | FPS: 8.0 | 状态: alive | 亮度: 30.0 | CPU: 0.0%
2026-07-03 16:43:38 [INFO] MainController: 运行时间: 1分19秒 | FPS: 8.0 | 状态: alive | 亮度: 13.2 | CPU: 0.0%
2026-07-03 16:43:41 [INFO] MainController: 运行时间: 1分22秒 | FPS: 8.0 | 状态: alive | 亮度: 13.0 | CPU: 0.0%
2026-07-03 16:43:45 [INFO] MainController: 运行时间: 1分26秒 | FPS: 8.0 | 状态: alive | 亮度: 13.0 | CPU: 0.0%
2026-07-03 16:43:49 [INFO] MainController: 运行时间: 1分30秒 | FPS: 8.0 | 状态: alive | 亮度: 13.0 | CPU: 0.0%
2026-07-03 16:43:53 [INFO] MainController: 运行时间: 1分34秒 | FPS: 8.0 | 状态: alive | 亮度: 13.1 | CPU: 0.0%
2026-07-03 16:43:56 [INFO] MainController: 运行时间: 1分37秒 | FPS: 8.0 | 状态: alive | 亮度: 13.0 | CPU: 0.0%
2026-07-03 16:44:00 [INFO] MainController: 运行时间: 1分41秒 | FPS: 8.0 | 状态: alive | 亮度: 30.5 | CPU: 0.0%
2026-07-03 16:44:04 [INFO] MainController: 运行时间: 1分45秒 | FPS: 8.0 | 状态: alive | 亮度: 35.0 | CPU: 0.0%
2026-07-03 16:44:08 [INFO] MainController: 运行时间: 1分49秒 | FPS: 8.0 | 状态: alive | 亮度: 15.5 | CPU: 0.0%
2026-07-03 16:44:11 [INFO] MainController: 运行时间: 1分53秒 | FPS: 8.0 | 状态: alive | 亮度: 16.0 | CPU: 0.0%
2026-07-03 16:44:14 [INFO] MainController: 正在停止控制器...
2026-07-03 16:44:14 [INFO] Detector: 检测器已关闭
2026-07-03 16:44:14 [INFO] MainController: 控制器已停止
2026-07-03 17:23:38 [INFO] Detector: 游戏状态检测器初始化完成 (OCR文字识别模式)
2026-07-03 17:23:38 [INFO] WindowManager: 窗口管理器初始化完成
2026-07-03 17:23:38 [INFO] BrowserController: 浏览器控制器初始化完成
2026-07-03 17:23:38 [INFO] InputController: 输入控制器初始化完成
2026-07-03 17:23:38 [INFO] MainController: ============================================================
2026-07-03 17:23:38 [INFO] MainController: 自动切换控制器初始化完成
2026-07-03 17:23:38 [INFO] MainController: ============================================================
2026-07-03 17:23:38 [INFO] MainController: 正在检查系统前提条件...
2026-07-03 17:23:39 [INFO] MainController: ✓ LOL进程已运行
2026-07-03 17:23:39 [INFO] MainController: ✓ 系统前提条件检查完成
2026-07-03 17:23:39 [INFO] MainController: 
============================================================
2026-07-03 17:23:39 [INFO] MainController: 开始检测循环
2026-07-03 17:23:39 [INFO] MainController: ============================================================
2026-07-03 17:23:47 [INFO] MainController: 运行时间: 8.0秒 | FPS: 3.8 | 状态: alive | 亮度: 0.0 | CPU: 0.0%
2026-07-03 17:23:54 [INFO] MainController: 运行时间: 14.5秒 | FPS: 4.7 | 状态: alive | 亮度: 0.0 | CPU: 0.0%
2026-07-03 17:23:56 [INFO] Detector: 检测到阵亡状态！（检测到死亡界面文字）
2026-07-03 17:23:56 [INFO] MainController: ============================================================
2026-07-03 17:23:56 [INFO] MainController: 触发自动切换流程
2026-07-03 17:23:56 [INFO] MainController: ============================================================
2026-07-03 17:23:56 [INFO] MainController: Edge已运行
2026-07-03 17:23:56 [INFO] WindowManager: 正在切换到Edge浏览器...
2026-07-03 17:23:56 [INFO] WindowManager: 窗口已激活: Младший брат долбит сестру в очело [порно с разговорами, анал, вебкам, молодая,ебётся,в жопу,кричит от боли, умоляет, на камеру] porn video on BrownPorn 和另外 14 个页面 - 个人 - Microsoft​ Edge
2026-07-03 17:23:57 [INFO] InputController: 发送播放键: space
2026-07-03 17:23:57 [INFO] MainController: ✓ 播放键已发送
2026-07-03 17:23:57 [INFO] MainController: ============================================================
2026-07-03 17:23:57 [INFO] MainController: 切换流程完成，冷却时间: 15秒
2026-07-03 17:23:57 [INFO] MainController: ============================================================
2026-07-03 17:23:58 [INFO] Detector: 检测到存活状态
2026-07-03 17:24:06 [INFO] MainController: 运行时间: 26.0秒 | FPS: 2.6 | 状态: alive | 亮度: 0.0 | CPU: 0.0%
2026-07-03 17:24:12 [INFO] MainController: 运行时间: 32.8秒 | FPS: 4.5 | 状态: alive | 亮度: 0.0 | CPU: 0.0%
2026-07-03 17:24:13 [INFO] Detector: 检测到阵亡状态！（检测到死亡界面文字）
2026-07-03 17:24:13 [INFO] MainController: ============================================================
2026-07-03 17:24:13 [INFO] MainController: 触发自动切换流程
2026-07-03 17:24:13 [INFO] MainController: ============================================================
2026-07-03 17:24:13 [INFO] MainController: Edge已运行
2026-07-03 17:24:13 [INFO] WindowManager: 正在切换到Edge浏览器...
2026-07-03 17:24:13 [INFO] WindowManager: 窗口已激活: 抖音-记录美好生活 和另外 14 个页面 - 个人 - Microsoft​ Edge
2026-07-03 17:24:14 [INFO] InputController: 发送播放键: space
2026-07-03 17:24:14 [INFO] MainController: ✓ 播放键已发送
2026-07-03 17:24:14 [INFO] MainController: ============================================================
2026-07-03 17:24:14 [INFO] MainController: 切换流程完成，冷却时间: 15秒
2026-07-03 17:24:14 [INFO] MainController: ============================================================
2026-07-03 17:24:14 [INFO] Detector: 检测到存活状态
2026-07-03 17:24:21 [INFO] MainController: 运行时间: 41.6秒 | FPS: 3.4 | 状态: alive | 亮度: 0.0 | CPU: 0.0%
2026-07-03 17:24:21 [INFO] Detector: 检测到阵亡状态！（检测到死亡界面文字）
2026-07-03 17:24:22 [INFO] Detector: 检测到存活状态
2026-07-03 17:24:28 [INFO] MainController: 运行时间: 48.6秒 | FPS: 4.3 | 状态: alive | 亮度: 0.0 | CPU: 15.6%
2026-07-03 17:24:34 [INFO] MainController: 正在停止控制器...
2026-07-03 17:24:34 [INFO] Detector: 检测器已关闭
2026-07-03 17:24:34 [INFO] MainController: 控制器已停止
2026-07-03 17:31:04 [INFO] Detector: 游戏状态检测器初始化完成 (OCR文字识别模式)
2026-07-03 17:31:04 [INFO] WindowManager: 窗口管理器初始化完成
2026-07-03 17:31:04 [INFO] BrowserController: 浏览器控制器初始化完成
2026-07-03 17:31:04 [INFO] InputController: 输入控制器初始化完成
2026-07-03 17:31:04 [INFO] MainController: ============================================================
2026-07-03 17:31:04 [INFO] MainController: 自动切换控制器初始化完成
2026-07-03 17:31:04 [INFO] MainController: ============================================================
2026-07-03 17:31:04 [INFO] MainController: 正在检查系统前提条件...
2026-07-03 17:31:05 [INFO] MainController: ✓ LOL进程已运行
2026-07-03 17:31:05 [INFO] MainController: ✓ 系统前提条件检查完成
2026-07-03 17:31:05 [INFO] MainController: 
============================================================
2026-07-03 17:31:05 [INFO] MainController: 开始检测循环
2026-07-03 17:31:05 [INFO] MainController: ============================================================
2026-07-03 17:31:12 [INFO] MainController: 运行时间: 6.9秒 | FPS: 4.4 | 状态: alive | CPU: 0.0%
2026-07-03 17:31:13 [INFO] Detector: 检测到阵亡状态！（未识别到倒计时）
2026-07-03 17:31:13 [INFO] MainController: ============================================================
2026-07-03 17:31:13 [INFO] MainController: 触发自动切换流程
2026-07-03 17:31:13 [INFO] MainController: ============================================================
2026-07-03 17:31:13 [INFO] MainController: Edge已运行
2026-07-03 17:31:13 [INFO] WindowManager: 正在切换到Edge浏览器...
2026-07-03 17:31:13 [ERROR] WindowManager: 激活窗口失败: (18, 'SetForegroundWindow', '没有更多文件。')
2026-07-03 17:31:13 [WARNING] WindowManager: 激活窗口失败，重试 1/3
2026-07-03 17:31:13 [ERROR] WindowManager: 激活窗口失败: (0, 'SetForegroundWindow', 'No error message is available')
2026-07-03 17:31:13 [WARNING] WindowManager: 激活窗口失败，重试 2/3
2026-07-03 17:31:14 [ERROR] WindowManager: 激活窗口失败: (0, 'SetForegroundWindow', 'No error message is available')
2026-07-03 17:31:14 [WARNING] WindowManager: 激活窗口失败，重试 3/3
2026-07-03 17:31:14 [ERROR] MainController: 切换到Edge失败
2026-07-03 17:31:15 [INFO] Detector: 检测到存活状态（已复活）
2026-07-03 17:31:17 [INFO] Detector: 检测到阵亡状态！（未识别到倒计时）
2026-07-03 17:31:17 [INFO] MainController: ============================================================
2026-07-03 17:31:17 [INFO] MainController: 触发自动切换流程
2026-07-03 17:31:17 [INFO] MainController: ============================================================
2026-07-03 17:31:17 [INFO] MainController: Edge已运行
2026-07-03 17:31:17 [INFO] WindowManager: 正在切换到Edge浏览器...
2026-07-03 17:31:17 [ERROR] WindowManager: 激活窗口失败: (18, 'SetForegroundWindow', '没有更多文件。')
2026-07-03 17:31:17 [WARNING] WindowManager: 激活窗口失败，重试 1/3
2026-07-03 17:31:17 [ERROR] WindowManager: 激活窗口失败: (0, 'SetForegroundWindow', 'No error message is available')
2026-07-03 17:31:17 [WARNING] WindowManager: 激活窗口失败，重试 2/3
2026-07-03 17:31:18 [ERROR] WindowManager: 激活窗口失败: (0, 'SetForegroundWindow', 'No error message is available')
2026-07-03 17:31:18 [WARNING] WindowManager: 激活窗口失败，重试 3/3
2026-07-03 17:31:18 [ERROR] MainController: 切换到Edge失败
2026-07-03 17:31:19 [INFO] MainController: ============================================================
2026-07-03 17:31:19 [INFO] MainController: 触发自动切换流程
2026-07-03 17:31:19 [INFO] MainController: ============================================================
2026-07-03 17:31:19 [INFO] MainController: Edge已运行
2026-07-03 17:31:19 [INFO] WindowManager: 正在切换到Edge浏览器...
2026-07-03 17:31:19 [ERROR] WindowManager: 激活窗口失败: (18, 'SetForegroundWindow', '没有更多文件。')
2026-07-03 17:31:19 [WARNING] WindowManager: 激活窗口失败，重试 1/3
2026-07-03 17:31:19 [ERROR] WindowManager: 激活窗口失败: (0, 'SetForegroundWindow', 'No error message is available')
2026-07-03 17:31:19 [WARNING] WindowManager: 激活窗口失败，重试 2/3
2026-07-03 17:31:20 [ERROR] WindowManager: 激活窗口失败: (0, 'SetForegroundWindow', 'No error message is available')
2026-07-03 17:31:20 [WARNING] WindowManager: 激活窗口失败，重试 3/3
2026-07-03 17:31:20 [ERROR] MainController: 切换到Edge失败
2026-07-03 17:31:20 [INFO] MainController: ============================================================
2026-07-03 17:31:20 [INFO] MainController: 触发自动切换流程
2026-07-03 17:31:20 [INFO] MainController: ============================================================
2026-07-03 17:31:20 [INFO] MainController: Edge已运行
2026-07-03 17:31:20 [INFO] WindowManager: 正在切换到Edge浏览器...
2026-07-03 17:31:20 [ERROR] WindowManager: 激活窗口失败: (18, 'SetForegroundWindow', '没有更多文件。')
2026-07-03 17:31:20 [WARNING] WindowManager: 激活窗口失败，重试 1/3
2026-07-03 17:31:21 [ERROR] WindowManager: 激活窗口失败: (0, 'SetForegroundWindow', 'No error message is available')
2026-07-03 17:31:21 [WARNING] WindowManager: 激活窗口失败，重试 2/3
2026-07-03 17:31:21 [ERROR] WindowManager: 激活窗口失败: (0, 'SetForegroundWindow', 'No error message is available')
2026-07-03 17:31:21 [WARNING] WindowManager: 激活窗口失败，重试 3/3
2026-07-03 17:31:22 [ERROR] MainController: 切换到Edge失败
2026-07-03 17:31:22 [INFO] Detector: 检测到存活状态（已复活）
2026-07-03 17:31:24 [INFO] MainController: 运行时间: 19.3秒 | FPS: 2.4 | 状态: alive | CPU: 0.0%
2026-07-03 17:31:30 [INFO] MainController: 运行时间: 25.5秒 | FPS: 4.9 | 状态: alive | CPU: 0.0%
2026-07-03 17:31:37 [INFO] MainController: 运行时间: 32.2秒 | FPS: 4.5 | 状态: alive | CPU: 15.6%
2026-07-03 17:31:42 [INFO] Detector: 检测到阵亡状态！（未识别到倒计时）
2026-07-03 17:31:42 [INFO] MainController: ============================================================
2026-07-03 17:31:42 [INFO] MainController: 触发自动切换流程
2026-07-03 17:31:42 [INFO] MainController: ============================================================
2026-07-03 17:31:42 [INFO] MainController: Edge已运行
2026-07-03 17:31:42 [INFO] WindowManager: 正在切换到Edge浏览器...
2026-07-03 17:31:42 [ERROR] WindowManager: 激活窗口失败: (18, 'SetForegroundWindow', '没有更多文件。')
2026-07-03 17:31:42 [WARNING] WindowManager: 激活窗口失败，重试 1/3
2026-07-03 17:31:42 [ERROR] WindowManager: 激活窗口失败: (0, 'SetForegroundWindow', 'No error message is available')
2026-07-03 17:31:42 [WARNING] WindowManager: 激活窗口失败，重试 2/3
2026-07-03 17:31:43 [ERROR] WindowManager: 激活窗口失败: (0, 'SetForegroundWindow', 'No error message is available')
2026-07-03 17:31:43 [WARNING] WindowManager: 激活窗口失败，重试 3/3
2026-07-03 17:31:43 [ERROR] MainController: 切换到Edge失败
2026-07-03 17:31:44 [INFO] Detector: 检测到存活状态（已复活）
2026-07-03 17:31:45 [INFO] MainController: 运行时间: 39.9秒 | FPS: 3.9 | 状态: alive | CPU: 0.0%
2026-07-03 17:31:51 [INFO] MainController: 运行时间: 46.0秒 | FPS: 4.9 | 状态: alive | CPU: 0.0%
2026-07-03 17:31:57 [INFO] MainController: 运行时间: 52.5秒 | FPS: 4.7 | 状态: alive | CPU: 0.0%
2026-07-03 17:32:05 [INFO] MainController: 运行时间: 59.8秒 | FPS: 4.2 | 状态: alive | CPU: 0.0%
2026-07-03 17:32:12 [INFO] MainController: 运行时间: 1分7秒 | FPS: 4.2 | 状态: alive | CPU: 0.0%
2026-07-03 17:32:13 [INFO] MainController: 正在停止控制器...
2026-07-03 17:32:13 [INFO] Detector: 检测器已关闭
2026-07-03 17:32:13 [INFO] MainController: 控制器已停止
2026-07-03 17:37:34 [INFO] Detector: 游戏状态检测器初始化完成 (OCR文字识别模式)
2026-07-03 17:37:34 [INFO] WindowManager: 窗口管理器初始化完成
2026-07-03 17:37:34 [INFO] BrowserController: 浏览器控制器初始化完成
2026-07-03 17:37:34 [INFO] InputController: 输入控制器初始化完成
2026-07-03 17:37:34 [INFO] MainController: ============================================================
2026-07-03 17:37:34 [INFO] MainController: 自动切换控制器初始化完成
2026-07-03 17:37:34 [INFO] MainController: ============================================================
2026-07-03 17:37:34 [INFO] MainController: 正在检查系统前提条件...
2026-07-03 17:37:35 [INFO] MainController: ✓ LOL进程已运行
2026-07-03 17:37:35 [INFO] MainController: ✓ 系统前提条件检查完成
2026-07-03 17:37:35 [INFO] MainController: 
============================================================
2026-07-03 17:37:35 [INFO] MainController: 开始检测循环
2026-07-03 17:37:35 [INFO] MainController: ============================================================
2026-07-03 17:37:40 [INFO] Detector: 检测到阵亡状态！（未识别到倒计时）
2026-07-03 17:37:40 [INFO] MainController: ============================================================
2026-07-03 17:37:40 [INFO] MainController: 触发自动切换流程
2026-07-03 17:37:40 [INFO] MainController: ============================================================
2026-07-03 17:37:40 [INFO] MainController: Edge已运行
2026-07-03 17:37:40 [INFO] WindowManager: 正在切换到Edge浏览器...
2026-07-03 17:37:41 [WARNING] WindowManager: 窗口已显示但可能不在前台
2026-07-03 17:37:42 [INFO] InputController: 发送播放键: space
2026-07-03 17:37:42 [INFO] MainController: ✓ 播放键已发送
2026-07-03 17:37:42 [WARNING] MainController: 未识别到倒计时，不会自动切回游戏
2026-07-03 17:37:42 [INFO] MainController: ============================================================
2026-07-03 17:37:42 [INFO] MainController: 切换流程完成
2026-07-03 17:37:42 [INFO] MainController: ============================================================
2026-07-03 17:37:43 [INFO] Detector: 检测到存活状态（已复活）
2026-07-03 17:37:44 [INFO] MainController: 运行时间: 8.4秒 | FPS: 3.6 | 状态: alive | CPU: 0.0%
2026-07-03 17:37:50 [INFO] MainController: 运行时间: 14.6秒 | FPS: 4.9 | 状态: alive | CPU: 0.0%
2026-07-03 17:37:57 [INFO] MainController: 运行时间: 21.7秒 | FPS: 4.3 | 状态: alive | CPU: 0.0%
2026-07-03 17:37:59 [INFO] MainController: 正在停止控制器...
2026-07-03 17:37:59 [INFO] Detector: 检测器已关闭
2026-07-03 17:37:59 [INFO] MainController: 控制器已停止
2026-07-03 17:56:36 [INFO] Detector: 游戏状态检测器初始化完成 (OCR文字识别模式)
2026-07-03 17:56:36 [INFO] WindowManager: 窗口管理器初始化完成
2026-07-03 17:56:36 [INFO] BrowserController: 浏览器控制器初始化完成
2026-07-03 17:56:36 [INFO] InputController: 输入控制器初始化完成
2026-07-03 17:56:36 [INFO] MainController: ============================================================
2026-07-03 17:56:36 [INFO] MainController: 自动切换控制器初始化完成
2026-07-03 17:56:36 [INFO] MainController: ============================================================
2026-07-03 17:56:36 [INFO] MainController: 正在检查系统前提条件...
2026-07-03 17:56:37 [INFO] MainController: ✓ LOL进程已运行
2026-07-03 17:56:37 [INFO] MainController: ✓ 系统前提条件检查完成
2026-07-03 17:56:37 [INFO] MainController: 
============================================================
2026-07-03 17:56:37 [INFO] MainController: 开始检测循环
2026-07-03 17:56:37 [INFO] MainController: ============================================================
2026-07-03 17:56:44 [INFO] MainController: 运行时间: 6.9秒 | FPS: 4.4 | 状态: alive | CPU: 0.0%
2026-07-03 17:56:48 [INFO] Detector: 检测到阵亡状态！复活倒计时: 5秒
2026-07-03 17:56:48 [INFO] MainController: ============================================================
2026-07-03 17:56:48 [INFO] MainController: 触发自动切换流程
2026-07-03 17:56:48 [INFO] MainController: ============================================================
2026-07-03 17:56:48 [INFO] MainController: Edge已运行
2026-07-03 17:56:48 [INFO] WindowManager: 正在切换到Edge浏览器...
2026-07-03 17:56:49 [WARNING] WindowManager: 窗口已显示但可能不在前台
2026-07-03 17:56:50 [INFO] InputController: 发送播放键: space
2026-07-03 17:56:50 [INFO] MainController: ✓ 播放键已发送
2026-07-03 17:56:50 [INFO] MainController: ✓ 已设置复活倒计时: 5秒
2026-07-03 17:56:50 [INFO] MainController: ============================================================
2026-07-03 17:56:50 [INFO] MainController: 切换流程完成
2026-07-03 17:56:50 [INFO] MainController: ============================================================
2026-07-03 17:56:54 [INFO] MainController: ============================================================
2026-07-03 17:56:54 [INFO] MainController: 复活倒计时结束，切换回游戏
2026-07-03 17:56:54 [INFO] MainController: ============================================================
2026-07-03 17:56:54 [INFO] MainController: 正在切换回游戏窗口...
2026-07-03 17:56:54 [ERROR] WindowManager: 激活窗口失败: (5, 'BringWindowToTop', '拒绝访问。')
2026-07-03 17:56:54 [WARNING] MainController: 切换回游戏失败
2026-07-03 17:56:54 [INFO] MainController: ============================================================
2026-07-03 17:56:54 [INFO] MainController: 切换流程完成
2026-07-03 17:56:54 [INFO] MainController: ============================================================
2026-07-03 17:56:58 [INFO] MainController: 检测到阵亡，但在冷却中（剩余 7.3秒）
2026-07-03 17:56:58 [INFO] Detector: 检测到存活状态（已复活）
2026-07-03 17:57:00 [INFO] MainController: 运行时间: 22.6秒 | FPS: 1.9 | 状态: alive | CPU: 0.0%
2026-07-03 17:57:07 [INFO] MainController: 运行时间: 29.8秒 | FPS: 4.2 | 状态: alive | CPU: 0.0%
2026-07-03 17:57:14 [INFO] MainController: 运行时间: 36.8秒 | FPS: 4.4 | 状态: alive | CPU: 15.5%
2026-07-03 17:57:16 [INFO] MainController: 正在停止控制器...
2026-07-03 17:57:16 [INFO] Detector: 检测器已关闭
2026-07-03 17:57:16 [INFO] MainController: 控制器已停止
2026-07-03 17:57:43 [INFO] Detector: 游戏状态检测器初始化完成 (OCR文字识别模式)
2026-07-03 17:57:43 [INFO] WindowManager: 窗口管理器初始化完成
2026-07-03 17:57:43 [INFO] BrowserController: 浏览器控制器初始化完成
2026-07-03 17:57:43 [INFO] InputController: 输入控制器初始化完成
2026-07-03 17:57:43 [INFO] MainController: ============================================================
2026-07-03 17:57:43 [INFO] MainController: 自动切换控制器初始化完成
2026-07-03 17:57:43 [INFO] MainController: ============================================================
2026-07-03 17:57:43 [INFO] MainController: 正在检查系统前提条件...
2026-07-03 17:57:43 [INFO] MainController: ✓ LOL进程已运行
2026-07-03 17:57:43 [INFO] MainController: ✓ 系统前提条件检查完成
2026-07-03 17:57:43 [INFO] MainController: 
============================================================
2026-07-03 17:57:43 [INFO] MainController: 开始检测循环
2026-07-03 17:57:43 [INFO] MainController: ============================================================
2026-07-03 17:57:51 [INFO] MainController: 运行时间: 7.6秒 | FPS: 4.1 | 状态: alive | CPU: 0.0%
2026-07-03 17:58:00 [INFO] Detector: 检测到阵亡状态！复活倒计时: 4秒
2026-07-03 17:58:00 [INFO] MainController: ============================================================
2026-07-03 17:58:00 [INFO] MainController: 触发自动切换流程
2026-07-03 17:58:00 [INFO] MainController: ============================================================
2026-07-03 17:58:00 [INFO] MainController: Edge已运行
2026-07-03 17:58:00 [INFO] WindowManager: 正在切换到Edge浏览器...
2026-07-03 17:58:01 [INFO] WindowManager: 窗口已激活: 抖音-记录美好生活 和另外 8 个页面 - 个人 - Microsoft​ Edge
2026-07-03 17:58:01 [INFO] InputController: 发送播放键: space
2026-07-03 17:58:02 [INFO] MainController: ✓ 播放键已发送
2026-07-03 17:58:02 [INFO] MainController: ✓ 已设置复活倒计时: 4秒
2026-07-03 17:58:02 [INFO] MainController: ============================================================
2026-07-03 17:58:02 [INFO] MainController: 切换流程完成
2026-07-03 17:58:02 [INFO] MainController: ============================================================
2026-07-03 17:58:02 [INFO] Detector: 检测到存活状态（已复活）
2026-07-03 17:58:04 [INFO] MainController: 运行时间: 20.4秒 | FPS: 2.3 | 状态: alive | 复活倒计时: 2秒 | CPU: 0.0%
2026-07-03 17:58:04 [INFO] MainController: ============================================================
2026-07-03 17:58:04 [INFO] MainController: 复活倒计时结束，切换回游戏
2026-07-03 17:58:04 [INFO] MainController: ============================================================
2026-07-03 17:58:04 [INFO] MainController: 暂停视频播放...
2026-07-03 17:58:04 [INFO] InputController: 发送播放键: space
2026-07-03 17:58:04 [INFO] MainController: ✓ 已发送暂停键
2026-07-03 17:58:05 [INFO] MainController: 正在切换回游戏窗口...
2026-07-03 17:58:05 [INFO] WindowManager: 窗口已激活: League of Legends (TM) Client
2026-07-03 17:58:05 [INFO] MainController: ✓ 已切换回游戏
2026-07-03 17:58:05 [INFO] MainController: ============================================================
2026-07-03 17:58:05 [INFO] MainController: 切换流程完成
2026-07-03 17:58:05 [INFO] MainController: ============================================================
2026-07-03 17:58:10 [INFO] Detector: 检测到阵亡状态！（未识别到倒计时）
2026-07-03 17:58:16 [INFO] Detector: 检测到存活状态（已复活）
2026-07-03 17:58:21 [INFO] MainController: 运行时间: 38.3秒 | FPS: 1.6 | 状态: alive | CPU: 0.0%
2026-07-03 17:58:28 [INFO] Detector: 检测到阵亡状态！（未识别到倒计时）
2026-07-03 17:58:28 [INFO] MainController: ============================================================
2026-07-03 17:58:28 [INFO] MainController: 触发自动切换流程
2026-07-03 17:58:28 [INFO] MainController: ============================================================
2026-07-03 17:58:28 [INFO] MainController: Edge已运行
2026-07-03 17:58:28 [INFO] WindowManager: 正在切换到Edge浏览器...
2026-07-03 17:58:29 [INFO] WindowManager: 窗口已激活: 抖音-记录美好生活 和另外 8 个页面 - 个人 - Microsoft​ Edge
2026-07-03 17:58:29 [INFO] InputController: 发送播放键: space
2026-07-03 17:58:30 [INFO] MainController: ✓ 播放键已发送
2026-07-03 17:58:30 [WARNING] MainController: 未识别到倒计时，不会自动切回游戏
2026-07-03 17:58:30 [INFO] MainController: ============================================================
2026-07-03 17:58:30 [INFO] MainController: 切换流程完成
2026-07-03 17:58:30 [INFO] MainController: ============================================================
2026-07-03 17:58:30 [INFO] Detector: 检测到存活状态（已复活）
2026-07-03 17:58:34 [INFO] MainController: 运行时间: 50.9秒 | FPS: 2.4 | 状态: alive | CPU: 0.0%
2026-07-03 17:58:36 [INFO] MainController: 正在停止控制器...
2026-07-03 17:58:36 [INFO] Detector: 检测器已关闭
2026-07-03 17:58:36 [INFO] MainController: 控制器已停止
2026-07-03 18:06:25 [INFO] Detector: 游戏状态检测器初始化完成 (OCR文字识别模式)
2026-07-03 18:06:25 [INFO] WindowManager: 窗口管理器初始化完成
2026-07-03 18:06:25 [INFO] BrowserController: 浏览器控制器初始化完成
2026-07-03 18:06:25 [INFO] InputController: 输入控制器初始化完成
2026-07-03 18:06:25 [INFO] MainController: ============================================================
2026-07-03 18:06:25 [INFO] MainController: 自动切换控制器初始化完成
2026-07-03 18:06:25 [INFO] MainController: ============================================================
2026-07-03 18:06:25 [INFO] MainController: 正在检查系统前提条件...
2026-07-03 18:06:25 [INFO] MainController: ✓ LOL进程已运行
2026-07-03 18:06:25 [INFO] MainController: ✓ 系统前提条件检查完成
2026-07-03 18:06:25 [INFO] MainController: 
============================================================
2026-07-03 18:06:25 [INFO] MainController: 开始检测循环
2026-07-03 18:06:25 [INFO] MainController: ============================================================
2026-07-03 18:06:38 [INFO] Detector: 检测到阵亡状态！复活倒计时: 2秒
2026-07-03 18:06:38 [INFO] MainController: ============================================================
2026-07-03 18:06:38 [INFO] MainController: 触发自动切换流程
2026-07-03 18:06:38 [INFO] MainController: ============================================================
2026-07-03 18:06:38 [INFO] MainController: Edge已运行
2026-07-03 18:06:38 [INFO] WindowManager: 正在切换到Edge浏览器...
2026-07-03 18:06:39 [INFO] WindowManager: 窗口已激活: 抖音-记录美好生活 和另外 9 个页面 - 个人 - Microsoft​ Edge
2026-07-03 18:06:39 [INFO] InputController: 发送播放键: space
2026-07-03 18:06:39 [INFO] MainController: ✓ 播放键已发送
2026-07-03 18:06:39 [INFO] MainController: ✓ 已设置复活倒计时: 2秒
2026-07-03 18:06:39 [INFO] MainController: ============================================================
2026-07-03 18:06:39 [INFO] MainController: 切换流程完成
2026-07-03 18:06:39 [INFO] MainController: ============================================================
2026-07-03 18:06:40 [INFO] MainController: ============================================================
2026-07-03 18:06:40 [INFO] MainController: 复活倒计时结束，切换回游戏
2026-07-03 18:06:40 [INFO] MainController: ============================================================
2026-07-03 18:06:40 [INFO] MainController: 暂停视频播放...
2026-07-03 18:06:40 [INFO] InputController: 发送播放键: space
2026-07-03 18:06:40 [INFO] MainController: ✓ 已发送暂停键
2026-07-03 18:06:40 [INFO] MainController: 正在切换回游戏窗口...
2026-07-03 18:06:41 [INFO] WindowManager: 窗口已激活: League of Legends (TM) Client
2026-07-03 18:06:41 [INFO] MainController: ✓ 已切换回游戏
2026-07-03 18:06:41 [INFO] MainController: ============================================================
2026-07-03 18:06:41 [INFO] MainController: 切换流程完成
2026-07-03 18:06:41 [INFO] MainController: ============================================================
2026-07-03 18:06:44 [INFO] MainController: 运行时间: 19.0秒 | FPS: 1.6 | 状态: uncertain | CPU: 0.0%
2026-07-03 18:06:44 [INFO] Detector: 检测到存活状态（已复活）
2026-07-03 18:06:51 [INFO] MainController: 运行时间: 26.1秒 | FPS: 4.3 | 状态: alive | CPU: 0.0%
2026-07-03 18:07:07 [INFO] MainController: 运行时间: 41.9秒 | FPS: 1.9 | 状态: alive | CPU: 0.0%
2026-07-03 18:07:14 [INFO] MainController: 正在停止控制器...
2026-07-03 18:07:14 [INFO] Detector: 检测器已关闭
2026-07-03 18:07:14 [INFO] MainController: 控制器已停止
2026-07-03 18:07:43 [INFO] Detector: 游戏状态检测器初始化完成 (OCR文字识别模式)
2026-07-03 18:07:43 [INFO] WindowManager: 窗口管理器初始化完成
2026-07-03 18:07:43 [INFO] BrowserController: 浏览器控制器初始化完成
2026-07-03 18:07:43 [INFO] InputController: 输入控制器初始化完成
2026-07-03 18:07:43 [INFO] MainController: ============================================================
2026-07-03 18:07:43 [INFO] MainController: 自动切换控制器初始化完成
2026-07-03 18:07:43 [INFO] MainController: ============================================================
2026-07-03 18:07:43 [INFO] MainController: 正在检查系统前提条件...
2026-07-03 18:07:43 [INFO] MainController: ✓ LOL进程已运行
2026-07-03 18:07:43 [INFO] MainController: ✓ 系统前提条件检查完成
2026-07-03 18:07:43 [INFO] MainController: 
============================================================
2026-07-03 18:07:43 [INFO] MainController: 开始检测循环
2026-07-03 18:07:43 [INFO] MainController: ============================================================
2026-07-03 18:07:53 [INFO] Detector: 检测到阵亡状态！复活倒计时: 2秒
2026-07-03 18:07:53 [INFO] MainController: ============================================================
2026-07-03 18:07:53 [INFO] MainController: 触发自动切换流程
2026-07-03 18:07:53 [INFO] MainController: ============================================================
2026-07-03 18:07:53 [INFO] MainController: Edge已运行
2026-07-03 18:07:53 [INFO] WindowManager: 正在切换到Edge浏览器...
2026-07-03 18:07:54 [INFO] WindowManager: 窗口已激活: 抖音-记录美好生活 和另外 9 个页面 - 个人 - Microsoft​ Edge
2026-07-03 18:07:54 [INFO] InputController: 发送播放键: space
2026-07-03 18:07:55 [INFO] MainController: ✓ 播放键已发送
2026-07-03 18:07:55 [INFO] MainController: ✓ 已设置复活倒计时: 2秒
2026-07-03 18:07:55 [INFO] MainController: ============================================================
2026-07-03 18:07:55 [INFO] MainController: 切换流程完成
2026-07-03 18:07:55 [INFO] MainController: ============================================================
2026-07-03 18:07:55 [INFO] MainController: ============================================================
2026-07-03 18:07:55 [INFO] MainController: 复活倒计时结束，切换回游戏
2026-07-03 18:07:55 [INFO] MainController: ============================================================
2026-07-03 18:07:55 [INFO] MainController: 暂停视频播放...
2026-07-03 18:07:55 [INFO] InputController: 发送播放键: space
2026-07-03 18:07:55 [INFO] MainController: ✓ 已发送暂停键
2026-07-03 18:07:56 [INFO] MainController: 正在切换回游戏窗口...
2026-07-03 18:07:57 [INFO] WindowManager: 窗口已激活: League of Legends (TM) Client
2026-07-03 18:07:57 [INFO] MainController: ✓ 已切换回游戏
2026-07-03 18:07:57 [INFO] MainController: ============================================================
2026-07-03 18:07:57 [INFO] MainController: 切换流程完成
2026-07-03 18:07:57 [INFO] MainController: ============================================================
2026-07-03 18:07:59 [INFO] MainController: 运行时间: 16.1秒 | FPS: 1.8 | 状态: uncertain | CPU: 0.0%
2026-07-03 18:08:00 [INFO] Detector: 检测到存活状态（已复活）
2026-07-03 18:08:06 [INFO] MainController: 正在停止控制器...
2026-07-03 18:08:06 [INFO] Detector: 检测器已关闭
2026-07-03 18:08:06 [INFO] MainController: 控制器已停止
2026-07-03 18:09:36 [INFO] Detector: 游戏状态检测器初始化完成 (OCR文字识别模式)
2026-07-03 18:09:36 [INFO] WindowManager: 窗口管理器初始化完成
2026-07-03 18:09:36 [INFO] BrowserController: 浏览器控制器初始化完成
2026-07-03 18:09:36 [INFO] InputController: 输入控制器初始化完成
2026-07-03 18:09:36 [INFO] MainController: ============================================================
2026-07-03 18:09:36 [INFO] MainController: 自动切换控制器初始化完成
2026-07-03 18:09:36 [INFO] MainController: ============================================================
2026-07-03 18:09:36 [INFO] MainController: 正在检查系统前提条件...
2026-07-03 18:09:36 [INFO] MainController: ✓ LOL进程已运行
2026-07-03 18:09:36 [INFO] MainController: ✓ 系统前提条件检查完成
2026-07-03 18:09:36 [INFO] MainController: 
============================================================
2026-07-03 18:09:36 [INFO] MainController: 开始检测循环
2026-07-03 18:09:36 [INFO] MainController: ============================================================
2026-07-03 18:09:41 [INFO] Detector: 检测到阵亡状态！复活倒计时: 52秒
2026-07-03 18:09:41 [INFO] MainController: ============================================================
2026-07-03 18:09:41 [INFO] MainController: 触发自动切换流程
2026-07-03 18:09:41 [INFO] MainController: ============================================================
2026-07-03 18:09:41 [INFO] MainController: Edge已运行
2026-07-03 18:09:41 [INFO] WindowManager: 正在切换到Edge浏览器...
2026-07-03 18:09:42 [INFO] WindowManager: 窗口已激活: 抖音-记录美好生活 和另外 9 个页面 - 个人 - Microsoft​ Edge
2026-07-03 18:09:42 [INFO] InputController: 发送播放键: space
2026-07-03 18:09:43 [INFO] MainController: ✓ 播放键已发送
2026-07-03 18:09:43 [INFO] MainController: ✓ 已设置复活倒计时: 52秒
2026-07-03 18:09:43 [INFO] MainController: ============================================================
2026-07-03 18:09:43 [INFO] MainController: 切换流程完成
2026-07-03 18:09:43 [INFO] MainController: ============================================================
2026-07-03 18:09:43 [INFO] Detector: 检测到存活状态（已复活）
2026-07-03 18:09:46 [INFO] MainController: 运行时间: 9.9秒 | FPS: 3.0 | 状态: alive | 复活倒计时: 49秒 | CPU: 0.0%
2026-07-03 18:09:49 [INFO] Detector: 检测到阵亡状态！复活倒计时: 6秒
2026-07-03 18:09:51 [INFO] MainController: 检测到阵亡，但在冷却中（剩余 6.8秒）
2026-07-03 18:09:52 [INFO] Detector: 检测到存活状态（已复活）
2026-07-03 18:09:55 [INFO] MainController: 运行时间: 18.9秒 | FPS: 3.4 | 状态: alive | 复活倒计时: 40秒 | CPU: 0.0%
2026-07-03 18:09:56 [INFO] Detector: 检测到阵亡状态！复活倒计时: 52秒
2026-07-03 18:09:57 [INFO] Detector: 检测到存活状态（已复活）
2026-07-03 18:10:01 [INFO] Detector: 检测到阵亡状态！复活倒计时: 2秒
2026-07-03 18:10:01 [INFO] MainController: ============================================================
2026-07-03 18:10:01 [INFO] MainController: 触发自动切换流程
2026-07-03 18:10:01 [INFO] MainController: ============================================================
2026-07-03 18:10:01 [INFO] MainController: Edge已运行
2026-07-03 18:10:01 [INFO] WindowManager: 正在切换到Edge浏览器...
2026-07-03 18:10:01 [INFO] WindowManager: 窗口已激活: 抖音-记录美好生活 和另外 9 个页面 - 个人 - Microsoft​ Edge
2026-07-03 18:10:02 [INFO] InputController: 发送播放键: space
2026-07-03 18:10:02 [INFO] MainController: ✓ 播放键已发送
2026-07-03 18:10:02 [INFO] MainController: ✓ 已设置复活倒计时: 2秒
2026-07-03 18:10:02 [INFO] MainController: ============================================================
2026-07-03 18:10:02 [INFO] MainController: 切换流程完成
2026-07-03 18:10:02 [INFO] MainController: ============================================================
2026-07-03 18:10:03 [INFO] MainController: ============================================================
2026-07-03 18:10:03 [INFO] MainController: 复活倒计时结束，切换回游戏
2026-07-03 18:10:03 [INFO] MainController: ============================================================
2026-07-03 18:10:03 [INFO] MainController: 暂停视频播放...
2026-07-03 18:10:03 [INFO] InputController: 发送播放键: space
2026-07-03 18:10:03 [INFO] MainController: ✓ 已发送暂停键
2026-07-03 18:10:03 [INFO] MainController: 正在切换回游戏窗口...
2026-07-03 18:10:04 [INFO] WindowManager: 窗口已激活: League of Legends (TM) Client
2026-07-03 18:10:04 [INFO] MainController: ✓ 已切换回游戏
2026-07-03 18:10:04 [INFO] MainController: ============================================================
2026-07-03 18:10:04 [INFO] MainController: 切换流程完成
2026-07-03 18:10:04 [INFO] MainController: ============================================================
2026-07-03 18:10:06 [INFO] Detector: 检测到存活状态（已复活）
2026-07-03 18:10:07 [INFO] MainController: 正在停止控制器...
2026-07-03 18:10:07 [INFO] Detector: 检测器已关闭
2026-07-03 18:10:07 [INFO] MainController: 控制器已停止
2026-07-03 18:13:28 [INFO] Detector: 游戏状态检测器初始化完成 (OCR文字识别模式)
2026-07-03 18:13:28 [INFO] WindowManager: 窗口管理器初始化完成
2026-07-03 18:13:28 [INFO] BrowserController: 浏览器控制器初始化完成
2026-07-03 18:13:28 [INFO] InputController: 输入控制器初始化完成
2026-07-03 18:13:28 [INFO] MainController: ============================================================
2026-07-03 18:13:28 [INFO] MainController: 自动切换控制器初始化完成
2026-07-03 18:13:28 [INFO] MainController: ============================================================
2026-07-03 18:13:28 [INFO] MainController: 正在检查系统前提条件...
2026-07-03 18:13:28 [INFO] MainController: ✓ LOL进程已运行
2026-07-03 18:13:28 [INFO] MainController: ✓ 系统前提条件检查完成
2026-07-03 18:13:28 [INFO] MainController: 
============================================================
2026-07-03 18:13:28 [INFO] MainController: 开始检测循环
2026-07-03 18:13:28 [INFO] MainController: ============================================================
2026-07-03 18:13:34 [INFO] Detector: 检测到阵亡状态！复活倒计时: 53秒
2026-07-03 18:13:34 [INFO] MainController: ============================================================
2026-07-03 18:13:34 [INFO] MainController: 触发自动切换流程
2026-07-03 18:13:34 [INFO] MainController: ============================================================
2026-07-03 18:13:34 [INFO] MainController: Edge已运行
2026-07-03 18:13:34 [INFO] WindowManager: 正在切换到Edge浏览器...
2026-07-03 18:13:35 [INFO] WindowManager: 窗口已激活: 抖音-记录美好生活 和另外 8 个页面 - 个人 - Microsoft​ Edge
2026-07-03 18:13:35 [INFO] InputController: 发送播放键: space
2026-07-03 18:13:36 [INFO] MainController: ✓ 播放键已发送
2026-07-03 18:13:36 [INFO] MainController: ✓ 已设置复活倒计时: 53秒
2026-07-03 18:13:36 [INFO] MainController: ============================================================
2026-07-03 18:13:36 [INFO] MainController: 切换流程完成
2026-07-03 18:13:36 [INFO] MainController: ============================================================
2026-07-03 18:13:38 [INFO] MainController: 运行时间: 9.6秒 | FPS: 3.1 | 状态: uncertain | 复活倒计时: 51秒 | CPU: 15.6%
2026-07-03 18:13:45 [INFO] MainController: 运行时间: 16.8秒 | FPS: 4.2 | 状态: uncertain | 复活倒计时: 44秒 | CPU: 0.0%
2026-07-03 18:13:52 [INFO] MainController: 运行时间: 24.2秒 | FPS: 4.1 | 状态: uncertain | 复活倒计时: 36秒 | CPU: 0.0%
2026-07-03 18:14:00 [INFO] MainController: 运行时间: 31.6秒 | FPS: 4.1 | 状态: uncertain | 复活倒计时: 29秒 | CPU: 0.0%
2026-07-03 18:14:04 [INFO] MainController: ============================================================
2026-07-03 18:14:04 [INFO] MainController: 触发自动切换流程
2026-07-03 18:14:04 [INFO] MainController: ============================================================
2026-07-03 18:14:04 [INFO] MainController: Edge已运行
2026-07-03 18:14:04 [INFO] WindowManager: 正在切换到Edge浏览器...
2026-07-03 18:14:05 [INFO] WindowManager: 窗口已激活: 抖音-记录美好生活 和另外 8 个页面 - 个人 - Microsoft​ Edge
2026-07-03 18:14:06 [INFO] InputController: 发送播放键: space
2026-07-03 18:14:06 [INFO] MainController: ✓ 播放键已发送
2026-07-03 18:14:06 [INFO] MainController: ✓ 已设置复活倒计时: 3秒
2026-07-03 18:14:06 [INFO] MainController: ============================================================
2026-07-03 18:14:06 [INFO] MainController: 切换流程完成
2026-07-03 18:14:06 [INFO] MainController: ============================================================
2026-07-03 18:14:07 [INFO] MainController: ============================================================
2026-07-03 18:14:07 [INFO] MainController: 复活倒计时结束，切换回游戏
2026-07-03 18:14:07 [INFO] MainController: ============================================================
2026-07-03 18:14:07 [INFO] MainController: 暂停视频播放...
2026-07-03 18:14:07 [INFO] InputController: 发送播放键: space
2026-07-03 18:14:08 [INFO] MainController: ✓ 已发送暂停键
2026-07-03 18:14:08 [INFO] MainController: 正在切换回游戏窗口...
2026-07-03 18:14:09 [INFO] WindowManager: 窗口已激活: League of Legends (TM) Client
2026-07-03 18:14:09 [INFO] MainController: ✓ 已切换回游戏
2026-07-03 18:14:09 [INFO] Detector: 检测到存活状态（已复活）
2026-07-03 18:14:09 [INFO] MainController: ============================================================
2026-07-03 18:14:09 [INFO] MainController: 切换流程完成
2026-07-03 18:14:09 [INFO] MainController: ============================================================
2026-07-03 18:14:10 [INFO] Detector: 检测到阵亡状态！复活倒计时: 17秒
2026-07-03 18:14:13 [INFO] MainController: 运行时间: 44.5秒 | FPS: 2.3 | 状态: dead | CPU: 0.0%
2026-07-03 18:14:13 [INFO] MainController: 检测到阵亡，但在冷却中（剩余 8.3秒）
2026-07-03 18:14:17 [INFO] MainController: 检测到阵亡，但在冷却中（剩余 4.1秒）
2026-07-03 18:14:22 [INFO] MainController: 正在停止控制器...
2026-07-03 18:14:22 [INFO] Detector: 检测器已关闭
2026-07-03 18:14:22 [INFO] MainController: 控制器已停止
2026-07-03 18:16:52 [INFO] Detector: 游戏状态检测器初始化完成 (OCR文字识别模式)
2026-07-03 18:16:52 [INFO] WindowManager: 窗口管理器初始化完成
2026-07-03 18:16:52 [INFO] BrowserController: 浏览器控制器初始化完成
2026-07-03 18:16:52 [INFO] InputController: 输入控制器初始化完成
2026-07-03 18:16:52 [INFO] MainController: ============================================================
2026-07-03 18:16:52 [INFO] MainController: 自动切换控制器初始化完成
2026-07-03 18:16:52 [INFO] MainController: ============================================================
2026-07-03 18:16:52 [INFO] MainController: 正在检查系统前提条件...
2026-07-03 18:16:52 [INFO] MainController: ✓ LOL进程已运行
2026-07-03 18:16:52 [INFO] MainController: ✓ 系统前提条件检查完成
2026-07-03 18:16:52 [INFO] MainController: 
============================================================
2026-07-03 18:16:52 [INFO] MainController: 开始检测循环
2026-07-03 18:16:52 [INFO] MainController: ============================================================
2026-07-03 18:16:56 [INFO] Detector: 检测到阵亡状态！复活倒计时: 1秒
2026-07-03 18:16:56 [INFO] MainController: ============================================================
2026-07-03 18:16:56 [INFO] MainController: 触发自动切换流程
2026-07-03 18:16:56 [INFO] MainController: ============================================================
2026-07-03 18:16:56 [INFO] MainController: Edge已运行
2026-07-03 18:16:56 [INFO] WindowManager: 正在切换到Edge浏览器...
2026-07-03 18:16:57 [INFO] WindowManager: 窗口已激活: 抖音-记录美好生活 和另外 8 个页面 - 个人 - Microsoft​ Edge
2026-07-03 18:16:58 [INFO] InputController: 发送播放键: space
2026-07-03 18:16:58 [INFO] MainController: ✓ 播放键已发送
2026-07-03 18:16:58 [INFO] MainController: ✓ 已设置复活倒计时: 1秒
2026-07-03 18:16:58 [INFO] MainController: ============================================================
2026-07-03 18:16:58 [INFO] MainController: 切换流程完成
2026-07-03 18:16:58 [INFO] MainController: ============================================================
2026-07-03 18:16:59 [INFO] MainController: ============================================================
2026-07-03 18:16:59 [INFO] MainController: 复活倒计时结束，切换回游戏
2026-07-03 18:16:59 [INFO] MainController: ============================================================
2026-07-03 18:16:59 [INFO] MainController: 暂停视频播放...
2026-07-03 18:16:59 [INFO] InputController: 发送播放键: space
2026-07-03 18:16:59 [INFO] MainController: ✓ 已发送暂停键
2026-07-03 18:16:59 [INFO] MainController: 正在切换回游戏窗口...
2026-07-03 18:17:00 [INFO] WindowManager: 窗口已激活: League of Legends (TM) Client
2026-07-03 18:17:00 [INFO] MainController: ✓ 已切换回游戏
2026-07-03 18:17:00 [INFO] Detector: 检测到存活状态（已复活）
2026-07-03 18:17:00 [INFO] MainController: ============================================================
2026-07-03 18:17:00 [INFO] MainController: 切换流程完成
2026-07-03 18:17:00 [INFO] MainController: ============================================================
2026-07-03 18:17:01 [INFO] Detector: 检测到阵亡状态！复活倒计时: 50秒
2026-07-03 18:17:01 [INFO] MainController: 检测到阵亡，但在冷却中（剩余 14.2秒）
2026-07-03 18:17:05 [INFO] MainController: 运行时间: 13.1秒 | FPS: 2.3 | 状态: dead | CPU: 0.0%
2026-07-03 18:17:05 [INFO] MainController: 检测到阵亡，但在冷却中（剩余 10.0秒）
2026-07-03 18:17:09 [INFO] MainController: 检测到阵亡，但在冷却中（剩余 5.9秒）
2026-07-03 18:17:11 [INFO] MainController: 正在停止控制器...
2026-07-03 18:17:11 [INFO] Detector: 检测器已关闭
2026-07-03 18:17:11 [INFO] MainController: 控制器已停止
2026-07-03 18:18:07 [INFO] Detector: 游戏状态检测器初始化完成 (OCR文字识别模式)
2026-07-03 18:18:07 [INFO] WindowManager: 窗口管理器初始化完成
2026-07-03 18:18:07 [INFO] BrowserController: 浏览器控制器初始化完成
2026-07-03 18:18:07 [INFO] InputController: 输入控制器初始化完成
2026-07-03 18:18:07 [INFO] MainController: ============================================================
2026-07-03 18:18:07 [INFO] MainController: 自动切换控制器初始化完成
2026-07-03 18:18:07 [INFO] MainController: ============================================================
2026-07-03 18:18:07 [INFO] MainController: 正在检查系统前提条件...
2026-07-03 18:18:07 [INFO] MainController: ✓ LOL进程已运行
2026-07-03 18:18:07 [INFO] MainController: ✓ 系统前提条件检查完成
2026-07-03 18:18:07 [INFO] MainController: 
============================================================
2026-07-03 18:18:07 [INFO] MainController: 开始检测循环
2026-07-03 18:18:07 [INFO] MainController: ============================================================
2026-07-03 18:18:12 [INFO] Detector: 检测到阵亡状态！复活倒计时: 55秒
2026-07-03 18:18:12 [INFO] MainController: ============================================================
2026-07-03 18:18:12 [INFO] MainController: 触发自动切换流程
2026-07-03 18:18:12 [INFO] MainController: ============================================================
2026-07-03 18:18:12 [INFO] MainController: Edge已运行
2026-07-03 18:18:12 [INFO] WindowManager: 正在切换到Edge浏览器...
2026-07-03 18:18:13 [INFO] WindowManager: 窗口已激活: 抖音-记录美好生活 和另外 8 个页面 - 个人 - Microsoft​ Edge
2026-07-03 18:18:14 [INFO] InputController: 发送播放键: space
2026-07-03 18:18:14 [INFO] MainController: ✓ 播放键已发送
2026-07-03 18:18:14 [INFO] MainController: ✓ 已设置复活倒计时: 55秒
2026-07-03 18:18:14 [INFO] MainController: ============================================================
2026-07-03 18:18:14 [INFO] MainController: 切换流程完成
2026-07-03 18:18:14 [INFO] MainController: ============================================================
2026-07-03 18:18:17 [INFO] MainController: 运行时间: 10.4秒 | FPS: 2.9 | 状态: uncertain | 复活倒计时: 52秒 | CPU: 0.0%
2026-07-03 18:18:24 [INFO] MainController: 运行时间: 17.4秒 | FPS: 4.4 | 状态: uncertain | 复活倒计时: 45秒 | CPU: 0.0%
2026-07-03 18:18:31 [INFO] MainController: 运行时间: 23.9秒 | FPS: 4.7 | 状态: uncertain | 复活倒计时: 38秒 | CPU: 0.0%
2026-07-03 18:18:38 [INFO] MainController: 运行时间: 31.6秒 | FPS: 3.9 | 状态: uncertain | 复活倒计时: 31秒 | CPU: 15.6%
2026-07-03 18:18:45 [INFO] MainController: 运行时间: 38.4秒 | FPS: 4.5 | 状态: uncertain | 复活倒计时: 24秒 | CPU: 0.0%
2026-07-03 18:18:52 [INFO] MainController: 运行时间: 45.3秒 | FPS: 4.4 | 状态: uncertain | 复活倒计时: 17秒 | CPU: 0.0%
2026-07-03 18:18:59 [INFO] MainController: 运行时间: 51.8秒 | FPS: 4.7 | 状态: uncertain | 复活倒计时: 10秒 | CPU: 0.0%
2026-07-03 18:19:06 [INFO] MainController: 运行时间: 58.8秒 | FPS: 4.3 | 状态: uncertain | 复活倒计时: 3秒 | CPU: 0.0%
2026-07-03 18:19:07 [INFO] MainController: ============================================================
2026-07-03 18:19:07 [INFO] MainController: 复活倒计时结束，切换回游戏
2026-07-03 18:19:07 [INFO] MainController: ============================================================
2026-07-03 18:19:07 [INFO] MainController: 暂停视频播放...
2026-07-03 18:19:07 [INFO] InputController: 发送播放键: space
2026-07-03 18:19:08 [INFO] MainController: ✓ 已发送暂停键
2026-07-03 18:19:08 [INFO] MainController: 正在切换回游戏窗口...
2026-07-03 18:19:09 [INFO] WindowManager: 窗口已激活: League of Legends (TM) Client
2026-07-03 18:19:09 [INFO] MainController: ✓ 已切换回游戏
2026-07-03 18:19:09 [INFO] Detector: 检测到存活状态（已复活）
2026-07-03 18:19:09 [INFO] MainController: ============================================================
2026-07-03 18:19:09 [INFO] MainController: 切换流程完成
2026-07-03 18:19:09 [INFO] MainController: ============================================================
2026-07-03 18:19:16 [INFO] MainController: 运行时间: 1分8秒 | FPS: 3.0 | 状态: alive | CPU: 0.0%
2026-07-03 18:19:24 [INFO] MainController: 运行时间: 1分17秒 | FPS: 3.7 | 状态: alive | CPU: 0.0%
2026-07-03 18:19:26 [INFO] MainController: 正在停止控制器...
2026-07-03 18:19:26 [INFO] Detector: 检测器已关闭
2026-07-03 18:19:26 [INFO] MainController: 控制器已停止
2026-07-03 18:41:55 [INFO] Detector: 游戏状态检测器初始化完成 (OCR文字识别模式)
2026-07-03 18:41:55 [INFO] WindowManager: 窗口管理器初始化完成
2026-07-03 18:41:55 [INFO] BrowserController: 浏览器控制器初始化完成
2026-07-03 18:41:55 [INFO] InputController: 输入控制器初始化完成
2026-07-03 18:41:55 [INFO] MainController: ============================================================
2026-07-03 18:41:55 [INFO] MainController: 自动切换控制器初始化完成
2026-07-03 18:41:55 [INFO] MainController: ============================================================
2026-07-03 18:41:55 [INFO] MainController: 正在检查系统前提条件...
2026-07-03 18:41:55 [INFO] MainController: ✓ LOL进程已运行
2026-07-03 18:41:55 [INFO] MainController: ✓ 系统前提条件检查完成
2026-07-03 18:41:55 [INFO] MainController: 
============================================================
2026-07-03 18:41:55 [INFO] MainController: 开始检测循环
2026-07-03 18:41:55 [INFO] MainController: ============================================================
2026-07-03 18:42:06 [INFO] MainController: 运行时间: 11.9秒 | FPS: 2.5 | 状态: alive | CPU: 0.0%
2026-07-03 18:42:10 [INFO] Detector: 检测到阵亡状态！复活倒计时: 10秒
2026-07-03 18:42:10 [INFO] MainController: ============================================================
2026-07-03 18:42:10 [INFO] MainController: 触发自动切换流程
2026-07-03 18:42:10 [INFO] MainController: ============================================================
2026-07-03 18:42:10 [INFO] MainController: Edge已运行
2026-07-03 18:42:10 [INFO] WindowManager: 正在切换到Edge浏览器...
2026-07-03 18:42:11 [INFO] WindowManager: 窗口已激活: New repository 和另外 8 个页面 - 个人 - Microsoft​ Edge
2026-07-03 18:42:12 [INFO] InputController: 发送播放键: space
2026-07-03 18:42:12 [INFO] MainController: ✓ 播放键已发送
2026-07-03 18:42:12 [INFO] MainController: ✓ 已设置复活倒计时: 10秒
2026-07-03 18:42:12 [INFO] MainController: ============================================================
2026-07-03 18:42:12 [INFO] MainController: 切换流程完成
2026-07-03 18:42:12 [INFO] MainController: ============================================================
2026-07-03 18:42:19 [INFO] MainController: 运行时间: 24.5秒 | FPS: 2.4 | 状态: uncertain | 复活倒计时: 3秒 | CPU: 0.0%
2026-07-03 18:42:21 [INFO] MainController: ============================================================
2026-07-03 18:42:21 [INFO] MainController: 复活倒计时结束，切换回游戏
2026-07-03 18:42:21 [INFO] MainController: ============================================================
2026-07-03 18:42:21 [INFO] MainController: 暂停视频播放...
2026-07-03 18:42:21 [INFO] InputController: 发送播放键: space
2026-07-03 18:42:21 [INFO] MainController: ✓ 已发送暂停键
2026-07-03 18:42:21 [INFO] MainController: 正在切换回游戏窗口...
2026-07-03 18:42:23 [INFO] WindowManager: 窗口已激活: League of Legends (TM) Client
2026-07-03 18:42:23 [INFO] MainController: ✓ 已切换回游戏
2026-07-03 18:42:23 [INFO] Detector: 检测到存活状态（已复活）
2026-07-03 18:42:23 [INFO] MainController: ============================================================
2026-07-03 18:42:23 [INFO] MainController: 切换流程完成
2026-07-03 18:42:23 [INFO] MainController: ============================================================
2026-07-03 18:42:30 [INFO] MainController: 正在停止控制器...
2026-07-03 18:42:30 [INFO] Detector: 检测器已关闭
2026-07-03 18:42:30 [INFO] MainController: 控制器已停止
